{"C:\\Users\\fvera\\Desktop\\Fullstack\\FullStack-III-Frontend\\frontend-colegio-react\\src\\App.jsx": {"path":"C:\\Users\\fvera\\Desktop\\Fullstack\\FullStack-III-Frontend\\frontend-colegio-react\\src\\App.jsx","statementMap":{"0":{"start":{"line":6,"column":2},"end":{"line":9,"column":null}}},"fnMap":{"0":{"name":"App","decl":{"start":{"line":5,"column":9},"end":{"line":5,"column":15}},"loc":{"start":{"line":5,"column":15},"end":{"line":9,"column":null}},"line":5}},"branchMap":{},"s":{"0":0},"f":{"0":0},"b":{},"meta":{"lastBranch":0,"lastFunction":1,"lastStatement":1,"seen":{"f:5:9:5:15":0,"s:6:2:9:Infinity":0}}}
,"C:\\Users\\fvera\\Desktop\\Fullstack\\FullStack-III-Frontend\\frontend-colegio-react\\src\\api\\apiClient.js": {"path":"C:\\Users\\fvera\\Desktop\\Fullstack\\FullStack-III-Frontend\\frontend-colegio-react\\src\\api\\apiClient.js","statementMap":{"0":{"start":{"line":3,"column":21},"end":{"line":3,"column":null}},"1":{"start":{"line":5,"column":18},"end":{"line":51,"column":null}},"2":{"start":{"line":6,"column":8},"end":{"line":6,"column":26}},"3":{"start":{"line":8,"column":18},"end":{"line":11,"column":null}},"4":{"start":{"line":14,"column":2},"end":{"line":15,"column":null}},"5":{"start":{"line":15,"column":4},"end":{"line":15,"column":null}},"6":{"start":{"line":18,"column":17},"end":{"line":21,"column":null}},"7":{"start":{"line":23,"column":2},"end":{"line":51,"column":null}},"8":{"start":{"line":24,"column":21},"end":{"line":24,"column":70}},"9":{"start":{"line":26,"column":4},"end":{"line":29,"column":null}},"10":{"start":{"line":27,"column":6},"end":{"line":27,"column":null}},"11":{"start":{"line":28,"column":6},"end":{"line":28,"column":null}},"12":{"start":{"line":29,"column":6},"end":{"line":29,"column":null}},"13":{"start":{"line":33,"column":25},"end":{"line":33,"column":46}},"14":{"start":{"line":34,"column":15},"end":{"line":34,"column":null}},"15":{"start":{"line":36,"column":4},"end":{"line":40,"column":null}},"16":{"start":{"line":37,"column":6},"end":{"line":40,"column":null}},"17":{"start":{"line":38,"column":8},"end":{"line":38,"column":null}},"18":{"start":{"line":40,"column":8},"end":{"line":40,"column":null}},"19":{"start":{"line":44,"column":4},"end":{"line":45,"column":null}},"20":{"start":{"line":45,"column":6},"end":{"line":45,"column":null}},"21":{"start":{"line":48,"column":4},"end":{"line":48,"column":null}},"22":{"start":{"line":50,"column":4},"end":{"line":50,"column":null}},"23":{"start":{"line":51,"column":4},"end":{"line":51,"column":null}}},"fnMap":{"0":{"name":"(anonymous_0)","decl":{"start":{"line":5,"column":18},"end":{"line":5,"column":25}},"loc":{"start":{"line":5,"column":52},"end":{"line":51,"column":null}},"line":5}},"branchMap":{"0":{"loc":{"start":{"line":3,"column":21},"end":{"line":3,"column":null}},"type":"binary-expr","locations":[{"start":{"line":3,"column":21},"end":{"line":3,"column":53}},{"start":{"line":3,"column":53},"end":{"line":3,"column":null}}],"line":3},"1":{"loc":{"start":{"line":5,"column":35},"end":{"line":5,"column":47}},"type":"default-arg","locations":[{"start":{"line":5,"column":45},"end":{"line":5,"column":47}}],"line":5},"2":{"loc":{"start":{"line":14,"column":2},"end":{"line":15,"column":null}},"type":"if","locations":[{"start":{"line":14,"column":2},"end":{"line":15,"column":null}},{"start":{},"end":{}}],"line":14},"3":{"loc":{"start":{"line":26,"column":4},"end":{"line":29,"column":null}},"type":"if","locations":[{"start":{"line":26,"column":4},"end":{"line":29,"column":null}},{"start":{},"end":{}}],"line":26},"4":{"loc":{"start":{"line":36,"column":4},"end":{"line":40,"column":null}},"type":"if","locations":[{"start":{"line":36,"column":4},"end":{"line":40,"column":null}},{"start":{},"end":{}}],"line":36},"5":{"loc":{"start":{"line":44,"column":4},"end":{"line":45,"column":null}},"type":"if","locations":[{"start":{"line":44,"column":4},"end":{"line":45,"column":null}},{"start":{},"end":{}}],"line":44},"6":{"loc":{"start":{"line":45,"column":22},"end":{"line":45,"column":95}},"type":"binary-expr","locations":[{"start":{"line":45,"column":22},"end":{"line":45,"column":39}},{"start":{"line":45,"column":39},"end":{"line":45,"column":54}},{"start":{"line":45,"column":54},"end":{"line":45,"column":95}}],"line":45}},"s":{"0":1,"1":1,"2":7,"3":7,"4":7,"5":1,"6":7,"7":7,"8":7,"9":7,"10":1,"11":1,"12":1,"13":6,"14":6,"15":6,"16":4,"17":4,"18":1,"19":6,"20":2,"21":4,"22":3,"23":3},"f":{"0":7},"b":{"0":[1,1],"1":[7],"2":[1,6],"3":[1,6],"4":[4,2],"5":[2,4],"6":[2,1,1]},"meta":{"lastBranch":7,"lastFunction":1,"lastStatement":24,"seen":{"s:3:21:3:Infinity":0,"b:3:21:3:53:3:53:3:Infinity":0,"s:5:18:51:Infinity":1,"f:5:18:5:25":0,"b:5:45:5:47":1,"s:6:8:6:26":2,"s:8:18:11:Infinity":3,"b:14:2:15:Infinity:undefined:undefined:undefined:undefined":2,"s:14:2:15:Infinity":4,"s:15:4:15:Infinity":5,"s:18:17:21:Infinity":6,"s:23:2:51:Infinity":7,"s:24:21:24:70":8,"b:26:4:29:Infinity:undefined:undefined:undefined:undefined":3,"s:26:4:29:Infinity":9,"s:27:6:27:Infinity":10,"s:28:6:28:Infinity":11,"s:29:6:29:Infinity":12,"s:33:25:33:46":13,"s:34:15:34:Infinity":14,"b:36:4:40:Infinity:undefined:undefined:undefined:undefined":4,"s:36:4:40:Infinity":15,"s:37:6:40:Infinity":16,"s:38:8:38:Infinity":17,"s:40:8:40:Infinity":18,"b:44:4:45:Infinity:undefined:undefined:undefined:undefined":5,"s:44:4:45:Infinity":19,"s:45:6:45:Infinity":20,"b:45:22:45:39:45:39:45:54:45:54:45:95":6,"s:48:4:48:Infinity":21,"s:50:4:50:Infinity":22,"s:51:4:51:Infinity":23}}}
,"C:\\Users\\fvera\\Desktop\\Fullstack\\FullStack-III-Frontend\\frontend-colegio-react\\src\\components\\common\\EmptyState.jsx": {"path":"C:\\Users\\fvera\\Desktop\\Fullstack\\FullStack-III-Frontend\\frontend-colegio-react\\src\\components\\common\\EmptyState.jsx","statementMap":{"0":{"start":{"line":3,"column":6},"end":{"line":24,"column":null}},"1":{"start":{"line":4,"column":2},"end":{"line":24,"column":null}}},"fnMap":{"0":{"name":"(anonymous_0)","decl":{"start":{"line":3,"column":6},"end":{"line":3,"column":20}},"loc":{"start":{"line":3,"column":83},"end":{"line":24,"column":null}},"line":3}},"branchMap":{"0":{"loc":{"start":{"line":3,"column":22},"end":{"line":3,"column":83}},"type":"default-arg","locations":[{"start":{"line":3,"column":32},"end":{"line":3,"column":83}}],"line":3}},"s":{"0":1,"1":2},"f":{"0":2},"b":{"0":[2]},"meta":{"lastBranch":1,"lastFunction":1,"lastStatement":2,"seen":{"s:3:6:24:Infinity":0,"f:3:6:3:20":0,"b:3:32:3:83":0,"s:4:2:24:Infinity":1}}}
,"C:\\Users\\fvera\\Desktop\\Fullstack\\FullStack-III-Frontend\\frontend-colegio-react\\src\\components\\common\\Loader.jsx": {"path":"C:\\Users\\fvera\\Desktop\\Fullstack\\FullStack-III-Frontend\\frontend-colegio-react\\src\\components\\common\\Loader.jsx","statementMap":{"0":{"start":{"line":3,"column":6},"end":{"line":12,"column":null}},"1":{"start":{"line":4,"column":2},"end":{"line":12,"column":null}}},"fnMap":{"0":{"name":"(anonymous_0)","decl":{"start":{"line":3,"column":6},"end":{"line":3,"column":21}},"loc":{"start":{"line":3,"column":21},"end":{"line":12,"column":null}},"line":3}},"branchMap":{},"s":{"0":2,"1":2},"f":{"0":2},"b":{},"meta":{"lastBranch":0,"lastFunction":1,"lastStatement":2,"seen":{"s:3:6:12:Infinity":0,"f:3:6:3:21":0,"s:4:2:12:Infinity":1}}}
,"C:\\Users\\fvera\\Desktop\\Fullstack\\FullStack-III-Frontend\\frontend-colegio-react\\src\\components\\common\\RutaProtegida.jsx": {"path":"C:\\Users\\fvera\\Desktop\\Fullstack\\FullStack-III-Frontend\\frontend-colegio-react\\src\\components\\common\\RutaProtegida.jsx","statementMap":{"0":{"start":{"line":5,"column":18},"end":{"line":5,"column":55}},"1":{"start":{"line":6,"column":16},"end":{"line":6,"column":51}},"2":{"start":{"line":8,"column":4},"end":{"line":8,"column":null}},"3":{"start":{"line":9,"column":4},"end":{"line":9,"column":null}},"4":{"start":{"line":10,"column":4},"end":{"line":10,"column":null}},"5":{"start":{"line":11,"column":4},"end":{"line":11,"column":null}},"6":{"start":{"line":14,"column":4},"end":{"line":16,"column":null}},"7":{"start":{"line":15,"column":8},"end":{"line":15,"column":null}},"8":{"start":{"line":16,"column":8},"end":{"line":16,"column":null}},"9":{"start":{"line":20,"column":4},"end":{"line":25,"column":null}},"10":{"start":{"line":21,"column":8},"end":{"line":21,"column":null}},"11":{"start":{"line":22,"column":8},"end":{"line":22,"column":null}},"12":{"start":{"line":25,"column":8},"end":{"line":25,"column":null}},"13":{"start":{"line":29,"column":4},"end":{"line":29,"column":null}},"14":{"start":{"line":30,"column":4},"end":{"line":30,"column":null}}},"fnMap":{"0":{"name":"RutaProtegida","decl":{"start":{"line":4,"column":9},"end":{"line":4,"column":23}},"loc":{"start":{"line":4,"column":51},"end":{"line":30,"column":null}},"line":4}},"branchMap":{"0":{"loc":{"start":{"line":14,"column":4},"end":{"line":16,"column":null}},"type":"if","locations":[{"start":{"line":14,"column":4},"end":{"line":16,"column":null}},{"start":{},"end":{}}],"line":14},"1":{"loc":{"start":{"line":20,"column":4},"end":{"line":25,"column":null}},"type":"if","locations":[{"start":{"line":20,"column":4},"end":{"line":25,"column":null}},{"start":{},"end":{}}],"line":20},"2":{"loc":{"start":{"line":20,"column":8},"end":{"line":20,"column":73}},"type":"binary-expr","locations":[{"start":{"line":20,"column":8},"end":{"line":20,"column":24}},{"start":{"line":20,"column":24},"end":{"line":20,"column":73}}],"line":20}},"s":{"0":4,"1":4,"2":4,"3":4,"4":4,"5":4,"6":4,"7":1,"8":1,"9":3,"10":1,"11":1,"12":1,"13":2,"14":2},"f":{"0":4},"b":{"0":[1,3],"1":[1,2],"2":[3,2]},"meta":{"lastBranch":3,"lastFunction":1,"lastStatement":15,"seen":{"f:4:9:4:23":0,"s:5:18:5:55":0,"s:6:16:6:51":1,"s:8:4:8:Infinity":2,"s:9:4:9:Infinity":3,"s:10:4:10:Infinity":4,"s:11:4:11:Infinity":5,"b:14:4:16:Infinity:undefined:undefined:undefined:undefined":0,"s:14:4:16:Infinity":6,"s:15:8:15:Infinity":7,"s:16:8:16:Infinity":8,"b:20:4:25:Infinity:undefined:undefined:undefined:undefined":1,"s:20:4:25:Infinity":9,"b:20:8:20:24:20:24:20:73":2,"s:21:8:21:Infinity":10,"s:22:8:22:Infinity":11,"s:25:8:25:Infinity":12,"s:29:4:29:Infinity":13,"s:30:4:30:Infinity":14}}}
,"C:\\Users\\fvera\\Desktop\\Fullstack\\FullStack-III-Frontend\\frontend-colegio-react\\src\\components\\layout\\DashboardLayout.jsx": {"path":"C:\\Users\\fvera\\Desktop\\Fullstack\\FullStack-III-Frontend\\frontend-colegio-react\\src\\components\\layout\\DashboardLayout.jsx","statementMap":{},"fnMap":{},"branchMap":{},"s":{},"f":{},"b":{},"meta":{"lastBranch":0,"lastFunction":0,"lastStatement":0,"seen":{}}}
,"C:\\Users\\fvera\\Desktop\\Fullstack\\FullStack-III-Frontend\\frontend-colegio-react\\src\\components\\layout\\Navbar.jsx": {"path":"C:\\Users\\fvera\\Desktop\\Fullstack\\FullStack-III-Frontend\\frontend-colegio-react\\src\\components\\layout\\Navbar.jsx","statementMap":{"0":{"start":{"line":6,"column":10},"end":{"line":6,"column":34}},"1":{"start":{"line":7,"column":21},"end":{"line":7,"column":48}},"2":{"start":{"line":8,"column":16},"end":{"line":8,"column":51}},"3":{"start":{"line":10,"column":10},"end":{"line":12,"column":null}},"4":{"start":{"line":11,"column":8},"end":{"line":11,"column":null}},"5":{"start":{"line":12,"column":8},"end":{"line":12,"column":null}},"6":{"start":{"line":15,"column":4},"end":{"line":54,"column":null}}},"fnMap":{"0":{"name":"Navbar","decl":{"start":{"line":5,"column":9},"end":{"line":5,"column":18}},"loc":{"start":{"line":5,"column":18},"end":{"line":54,"column":null}},"line":5},"1":{"name":"(anonymous_1)","decl":{"start":{"line":10,"column":10},"end":{"line":10,"column":37}},"loc":{"start":{"line":10,"column":37},"end":{"line":12,"column":null}},"line":10}},"branchMap":{"0":{"loc":{"start":{"line":24,"column":17},"end":{"line":29,"column":null}},"type":"binary-expr","locations":[{"start":{"line":24,"column":17},"end":{"line":24,"column":null}},{"start":{"line":25,"column":20},"end":{"line":29,"column":null}}],"line":24},"1":{"loc":{"start":{"line":33,"column":17},"end":{"line":37,"column":null}},"type":"binary-expr","locations":[{"start":{"line":33,"column":17},"end":{"line":33,"column":null}},{"start":{"line":34,"column":20},"end":{"line":37,"column":null}}],"line":33}},"s":{"0":4,"1":4,"2":4,"3":4,"4":1,"5":1,"6":4},"f":{"0":4,"1":1},"b":{"0":[4,2],"1":[4,1]},"meta":{"lastBranch":2,"lastFunction":2,"lastStatement":7,"seen":{"f:5:9:5:18":0,"s:6:10:6:34":0,"s:7:21:7:48":1,"s:8:16:8:51":2,"s:10:10:12:Infinity":3,"f:10:10:10:37":1,"s:11:8:11:Infinity":4,"s:12:8:12:Infinity":5,"s:15:4:54:Infinity":6,"b:24:17:24:Infinity:25:20:29:Infinity":0,"b:33:17:33:Infinity:34:20:37:Infinity":1}}}
,"C:\\Users\\fvera\\Desktop\\Fullstack\\FullStack-III-Frontend\\frontend-colegio-react\\src\\components\\layout\\Sidebar.jsx": {"path":"C:\\Users\\fvera\\Desktop\\Fullstack\\FullStack-III-Frontend\\frontend-colegio-react\\src\\components\\layout\\Sidebar.jsx","statementMap":{},"fnMap":{},"branchMap":{},"s":{},"f":{},"b":{},"meta":{"lastBranch":0,"lastFunction":0,"lastStatement":0,"seen":{}}}
,"C:\\Users\\fvera\\Desktop\\Fullstack\\FullStack-III-Frontend\\frontend-colegio-react\\src\\components\\profesor\\TablaAsistencia.jsx": {"path":"C:\\Users\\fvera\\Desktop\\Fullstack\\FullStack-III-Frontend\\frontend-colegio-react\\src\\components\\profesor\\TablaAsistencia.jsx","statementMap":{"0":{"start":{"line":5,"column":4},"end":{"line":42,"column":null}},"1":{"start":{"line":17,"column":24},"end":{"line":38,"column":null}},"2":{"start":{"line":23,"column":51},"end":{"line":23,"column":70}}},"fnMap":{"0":{"name":"TablaAsistencia","decl":{"start":{"line":4,"column":9},"end":{"line":4,"column":25}},"loc":{"start":{"line":4,"column":48},"end":{"line":42,"column":null}},"line":4},"1":{"name":"(anonymous_1)","decl":{"start":{"line":16,"column":29},"end":{"line":16,"column":33}},"loc":{"start":{"line":17,"column":24},"end":{"line":38,"column":null}},"line":17},"2":{"name":"(anonymous_2)","decl":{"start":{"line":23,"column":36},"end":{"line":23,"column":51}},"loc":{"start":{"line":23,"column":51},"end":{"line":23,"column":70}},"line":23}},"branchMap":{"0":{"loc":{"start":{"line":25,"column":57},"end":{"line":25,"column":null}},"type":"cond-expr","locations":[{"start":{"line":25,"column":75},"end":{"line":25,"column":104}},{"start":{"line":25,"column":104},"end":{"line":25,"column":null}}],"line":25},"1":{"loc":{"start":{"line":26,"column":47},"end":{"line":26,"column":null}},"type":"cond-expr","locations":[{"start":{"line":26,"column":65},"end":{"line":26,"column":88}},{"start":{"line":26,"column":88},"end":{"line":26,"column":null}}],"line":26},"2":{"loc":{"start":{"line":27,"column":61},"end":{"line":27,"column":null}},"type":"cond-expr","locations":[{"start":{"line":27,"column":79},"end":{"line":27,"column":102}},{"start":{"line":27,"column":102},"end":{"line":27,"column":null}}],"line":27},"3":{"loc":{"start":{"line":35,"column":37},"end":{"line":35,"column":null}},"type":"cond-expr","locations":[{"start":{"line":35,"column":55},"end":{"line":35,"column":70}},{"start":{"line":35,"column":70},"end":{"line":35,"column":null}}],"line":35}},"s":{"0":3,"1":6,"2":1},"f":{"0":3,"1":6,"2":1},"b":{"0":[3,3],"1":[3,3],"2":[3,3],"3":[3,3]},"meta":{"lastBranch":4,"lastFunction":3,"lastStatement":3,"seen":{"f:4:9:4:25":0,"s:5:4:42:Infinity":0,"f:16:29:16:33":1,"s:17:24:38:Infinity":1,"f:23:36:23:51":2,"s:23:51:23:70":2,"b:25:75:25:104:25:104:25:Infinity":0,"b:26:65:26:88:26:88:26:Infinity":1,"b:27:79:27:102:27:102:27:Infinity":2,"b:35:55:35:70:35:70:35:Infinity":3}}}
,"C:\\Users\\fvera\\Desktop\\Fullstack\\FullStack-III-Frontend\\frontend-colegio-react\\src\\components\\profesor\\TarjetaNota.jsx": {"path":"C:\\Users\\fvera\\Desktop\\Fullstack\\FullStack-III-Frontend\\frontend-colegio-react\\src\\components\\profesor\\TarjetaNota.jsx","statementMap":{"0":{"start":{"line":5,"column":4},"end":{"line":8,"column":null}}},"fnMap":{"0":{"name":"TarjetaNota","decl":{"start":{"line":4,"column":9},"end":{"line":4,"column":21}},"loc":{"start":{"line":4,"column":47},"end":{"line":8,"column":null}},"line":4}},"branchMap":{"0":{"loc":{"start":{"line":8,"column":72},"end":{"line":8,"column":106}},"type":"binary-expr","locations":[{"start":{"line":8,"column":72},"end":{"line":8,"column":81}},{"start":{"line":8,"column":81},"end":{"line":8,"column":106}}],"line":8}},"s":{"0":2},"f":{"0":2},"b":{"0":[2,1]},"meta":{"lastBranch":1,"lastFunction":1,"lastStatement":1,"seen":{"f:4:9:4:21":0,"s:5:4:8:Infinity":0,"b:8:72:8:81:8:81:8:106":0}}}
,"C:\\Users\\fvera\\Desktop\\Fullstack\\FullStack-III-Frontend\\frontend-colegio-react\\src\\components\\public\\HeroBanner.jsx": {"path":"C:\\Users\\fvera\\Desktop\\Fullstack\\FullStack-III-Frontend\\frontend-colegio-react\\src\\components\\public\\HeroBanner.jsx","statementMap":{"0":{"start":{"line":4,"column":2},"end":{"line":21,"column":null}},"1":{"start":{"line":13,"column":25},"end":{"line":13,"column":49}}},"fnMap":{"0":{"name":"HeroBanner","decl":{"start":{"line":3,"column":9},"end":{"line":3,"column":20}},"loc":{"start":{"line":3,"column":38},"end":{"line":21,"column":null}},"line":3},"1":{"name":"(anonymous_1)","decl":{"start":{"line":13,"column":10},"end":{"line":13,"column":25}},"loc":{"start":{"line":13,"column":25},"end":{"line":13,"column":49}},"line":13}},"branchMap":{},"s":{"0":8,"1":1},"f":{"0":8,"1":1},"b":{},"meta":{"lastBranch":0,"lastFunction":2,"lastStatement":2,"seen":{"f:3:9:3:20":0,"s:4:2:21:Infinity":0,"f:13:10:13:25":1,"s:13:25:13:49":1}}}
,"C:\\Users\\fvera\\Desktop\\Fullstack\\FullStack-III-Frontend\\frontend-colegio-react\\src\\components\\public\\SeccionAdmision.jsx": {"path":"C:\\Users\\fvera\\Desktop\\Fullstack\\FullStack-III-Frontend\\frontend-colegio-react\\src\\components\\public\\SeccionAdmision.jsx","statementMap":{"0":{"start":{"line":4,"column":2},"end":{"line":15,"column":null}}},"fnMap":{"0":{"name":"SeccionAdmision","decl":{"start":{"line":3,"column":9},"end":{"line":3,"column":27}},"loc":{"start":{"line":3,"column":27},"end":{"line":15,"column":null}},"line":3}},"branchMap":{},"s":{"0":6},"f":{"0":6},"b":{},"meta":{"lastBranch":0,"lastFunction":1,"lastStatement":1,"seen":{"f:3:9:3:27":0,"s:4:2:15:Infinity":0}}}
,"C:\\Users\\fvera\\Desktop\\Fullstack\\FullStack-III-Frontend\\frontend-colegio-react\\src\\components\\ui\\Button.jsx": {"path":"C:\\Users\\fvera\\Desktop\\Fullstack\\FullStack-III-Frontend\\frontend-colegio-react\\src\\components\\ui\\Button.jsx","statementMap":{"0":{"start":{"line":3,"column":13},"end":{"line":7,"column":null}},"1":{"start":{"line":4,"column":2},"end":{"line":7,"column":null}}},"fnMap":{"0":{"name":"(anonymous_0)","decl":{"start":{"line":3,"column":13},"end":{"line":3,"column":23}},"loc":{"start":{"line":3,"column":59},"end":{"line":7,"column":null}},"line":3}},"branchMap":{},"s":{"0":1,"1":2},"f":{"0":2},"b":{},"meta":{"lastBranch":0,"lastFunction":1,"lastStatement":2,"seen":{"s:3:13:7:Infinity":0,"f:3:13:3:23":0,"s:4:2:7:Infinity":1}}}
,"C:\\Users\\fvera\\Desktop\\Fullstack\\FullStack-III-Frontend\\frontend-colegio-react\\src\\components\\ui\\Card.jsx": {"path":"C:\\Users\\fvera\\Desktop\\Fullstack\\FullStack-III-Frontend\\frontend-colegio-react\\src\\components\\ui\\Card.jsx","statementMap":{"0":{"start":{"line":3,"column":13},"end":{"line":7,"column":null}},"1":{"start":{"line":4,"column":2},"end":{"line":7,"column":null}}},"fnMap":{"0":{"name":"(anonymous_0)","decl":{"start":{"line":3,"column":13},"end":{"line":3,"column":21}},"loc":{"start":{"line":3,"column":54},"end":{"line":7,"column":null}},"line":3}},"branchMap":{"0":{"loc":{"start":{"line":3,"column":33},"end":{"line":3,"column":54}},"type":"default-arg","locations":[{"start":{"line":3,"column":45},"end":{"line":3,"column":54}}],"line":3}},"s":{"0":1,"1":1},"f":{"0":1},"b":{"0":[1]},"meta":{"lastBranch":1,"lastFunction":1,"lastStatement":2,"seen":{"s:3:13:7:Infinity":0,"f:3:13:3:21":0,"b:3:45:3:54":0,"s:4:2:7:Infinity":1}}}
,"C:\\Users\\fvera\\Desktop\\Fullstack\\FullStack-III-Frontend\\frontend-colegio-react\\src\\components\\ui\\Input.jsx": {"path":"C:\\Users\\fvera\\Desktop\\Fullstack\\FullStack-III-Frontend\\frontend-colegio-react\\src\\components\\ui\\Input.jsx","statementMap":{"0":{"start":{"line":3,"column":13},"end":{"line":23,"column":null}},"1":{"start":{"line":4,"column":2},"end":{"line":23,"column":null}}},"fnMap":{"0":{"name":"(anonymous_0)","decl":{"start":{"line":3,"column":13},"end":{"line":3,"column":22}},"loc":{"start":{"line":3,"column":57},"end":{"line":23,"column":null}},"line":3}},"branchMap":{"0":{"loc":{"start":{"line":6,"column":7},"end":{"line":9,"column":null}},"type":"binary-expr","locations":[{"start":{"line":6,"column":7},"end":{"line":6,"column":null}},{"start":{"line":7,"column":8},"end":{"line":9,"column":null}}],"line":6},"1":{"loc":{"start":{"line":14,"column":10},"end":{"line":16,"column":null}},"type":"cond-expr","locations":[{"start":{"line":15,"column":14},"end":{"line":15,"column":null}},{"start":{"line":16,"column":14},"end":{"line":16,"column":null}}],"line":14},"2":{"loc":{"start":{"line":20,"column":7},"end":{"line":23,"column":null}},"type":"binary-expr","locations":[{"start":{"line":20,"column":7},"end":{"line":20,"column":null}},{"start":{"line":21,"column":8},"end":{"line":23,"column":null}}],"line":20}},"s":{"0":1,"1":3},"f":{"0":3},"b":{"0":[3,1],"1":[1,2],"2":[3,1]},"meta":{"lastBranch":3,"lastFunction":1,"lastStatement":2,"seen":{"s:3:13:23:Infinity":0,"f:3:13:3:22":0,"s:4:2:23:Infinity":1,"b:6:7:6:Infinity:7:8:9:Infinity":0,"b:15:14:15:Infinity:16:14:16:Infinity":1,"b:20:7:20:Infinity:21:8:23:Infinity":2}}}
,"C:\\Users\\fvera\\Desktop\\Fullstack\\FullStack-III-Frontend\\frontend-colegio-react\\src\\hooks\\useAuth.js": {"path":"C:\\Users\\fvera\\Desktop\\Fullstack\\FullStack-III-Frontend\\frontend-colegio-react\\src\\hooks\\useAuth.js","statementMap":{"0":{"start":{"line":4,"column":13},"end":{"line":37,"column":null}},"1":{"start":{"line":5,"column":16},"end":{"line":5,"column":48}},"2":{"start":{"line":6,"column":14},"end":{"line":6,"column":47}},"3":{"start":{"line":7,"column":19},"end":{"line":7,"column":48}},"4":{"start":{"line":9,"column":2},"end":{"line":16,"column":null}},"5":{"start":{"line":11,"column":10},"end":{"line":11,"column":24}},"6":{"start":{"line":12,"column":10},"end":{"line":12,"column":27}},"7":{"start":{"line":13,"column":4},"end":{"line":13,"column":null}},"8":{"start":{"line":14,"column":4},"end":{"line":14,"column":null}},"9":{"start":{"line":15,"column":4},"end":{"line":15,"column":null}},"10":{"start":{"line":18,"column":8},"end":{"line":20,"column":null}},"11":{"start":{"line":19,"column":4},"end":{"line":19,"column":null}},"12":{"start":{"line":20,"column":4},"end":{"line":20,"column":null}},"13":{"start":{"line":23,"column":8},"end":{"line":27,"column":null}},"14":{"start":{"line":24,"column":4},"end":{"line":24,"column":null}},"15":{"start":{"line":25,"column":4},"end":{"line":25,"column":null}},"16":{"start":{"line":26,"column":4},"end":{"line":26,"column":null}},"17":{"start":{"line":27,"column":4},"end":{"line":27,"column":null}},"18":{"start":{"line":30,"column":2},"end":{"line":37,"column":null}}},"fnMap":{"0":{"name":"(anonymous_0)","decl":{"start":{"line":4,"column":13},"end":{"line":4,"column":29}},"loc":{"start":{"line":4,"column":29},"end":{"line":37,"column":null}},"line":4},"1":{"name":"(anonymous_1)","decl":{"start":{"line":9,"column":2},"end":{"line":9,"column":18}},"loc":{"start":{"line":9,"column":18},"end":{"line":16,"column":7}},"line":9},"2":{"name":"(anonymous_2)","decl":{"start":{"line":18,"column":8},"end":{"line":18,"column":23}},"loc":{"start":{"line":18,"column":48},"end":{"line":20,"column":null}},"line":18},"3":{"name":"(anonymous_3)","decl":{"start":{"line":23,"column":8},"end":{"line":23,"column":29}},"loc":{"start":{"line":23,"column":29},"end":{"line":27,"column":null}},"line":23}},"branchMap":{},"s":{"0":1,"1":10,"2":10,"3":10,"4":10,"5":4,"6":4,"7":4,"8":4,"9":4,"10":10,"11":1,"12":1,"13":10,"14":1,"15":1,"16":1,"17":1,"18":10},"f":{"0":10,"1":4,"2":1,"3":1},"b":{},"meta":{"lastBranch":0,"lastFunction":4,"lastStatement":19,"seen":{"s:4:13:37:Infinity":0,"f:4:13:4:29":0,"s:5:16:5:48":1,"s:6:14:6:47":2,"s:7:19:7:48":3,"s:9:2:16:Infinity":4,"f:9:2:9:18":1,"s:11:10:11:24":5,"s:12:10:12:27":6,"s:13:4:13:Infinity":7,"s:14:4:14:Infinity":8,"s:15:4:15:Infinity":9,"s:18:8:20:Infinity":10,"f:18:8:18:23":2,"s:19:4:19:Infinity":11,"s:20:4:20:Infinity":12,"s:23:8:27:Infinity":13,"f:23:8:23:29":3,"s:24:4:24:Infinity":14,"s:25:4:25:Infinity":15,"s:26:4:26:Infinity":16,"s:27:4:27:Infinity":17,"s:30:2:37:Infinity":18}}}
,"C:\\Users\\fvera\\Desktop\\Fullstack\\FullStack-III-Frontend\\frontend-colegio-react\\src\\pages\\admin\\Estudiantes.jsx": {"path":"C:\\Users\\fvera\\Desktop\\Fullstack\\FullStack-III-Frontend\\frontend-colegio-react\\src\\pages\\admin\\Estudiantes.jsx","statementMap":{"0":{"start":{"line":7,"column":24},"end":{"line":7,"column":54}},"1":{"start":{"line":8,"column":23},"end":{"line":8,"column":54}},"2":{"start":{"line":9,"column":21},"end":{"line":9,"column":48}},"3":{"start":{"line":10,"column":28},"end":{"line":12,"column":6}},"4":{"start":{"line":14,"column":4},"end":{"line":14,"column":null}},"5":{"start":{"line":14,"column":22},"end":{"line":14,"column":40}},"6":{"start":{"line":16,"column":24},"end":{"line":18,"column":null}},"7":{"start":{"line":17,"column":21},"end":{"line":17,"column":47}},"8":{"start":{"line":18,"column":8},"end":{"line":18,"column":null}},"9":{"start":{"line":21,"column":28},"end":{"line":26,"column":null}},"10":{"start":{"line":22,"column":8},"end":{"line":22,"column":null}},"11":{"start":{"line":23,"column":34},"end":{"line":23,"column":null}},"12":{"start":{"line":24,"column":8},"end":{"line":26,"column":null}},"13":{"start":{"line":25,"column":12},"end":{"line":25,"column":null}},"14":{"start":{"line":26,"column":12},"end":{"line":26,"column":null}},"15":{"start":{"line":30,"column":10},"end":{"line":32,"column":null}},"16":{"start":{"line":31,"column":8},"end":{"line":31,"column":null}},"17":{"start":{"line":32,"column":8},"end":{"line":32,"column":null}},"18":{"start":{"line":35,"column":27},"end":{"line":40,"column":null}},"19":{"start":{"line":36,"column":8},"end":{"line":40,"column":null}},"20":{"start":{"line":37,"column":33},"end":{"line":37,"column":null}},"21":{"start":{"line":38,"column":12},"end":{"line":40,"column":null}},"22":{"start":{"line":39,"column":16},"end":{"line":39,"column":null}},"23":{"start":{"line":40,"column":16},"end":{"line":40,"column":null}},"24":{"start":{"line":45,"column":4},"end":{"line":126,"column":null}},"25":{"start":{"line":59,"column":104},"end":{"line":59,"column":165}},"26":{"start":{"line":60,"column":112},"end":{"line":60,"column":177}},"27":{"start":{"line":61,"column":116},"end":{"line":61,"column":183}},"28":{"start":{"line":62,"column":116},"end":{"line":62,"column":179}},"29":{"start":{"line":63,"column":98},"end":{"line":63,"column":171}},"30":{"start":{"line":64,"column":115},"end":{"line":64,"column":180}},"31":{"start":{"line":85,"column":36},"end":{"line":119,"column":null}},"32":{"start":{"line":89,"column":75},"end":{"line":89,"column":97}},"33":{"start":{"line":90,"column":75},"end":{"line":90,"column":94}},"34":{"start":{"line":93,"column":99},"end":{"line":93,"column":150}},"35":{"start":{"line":94,"column":101},"end":{"line":94,"column":154}},"36":{"start":{"line":95,"column":97},"end":{"line":95,"column":146}},"37":{"start":{"line":96,"column":113},"end":{"line":96,"column":164}},"38":{"start":{"line":98,"column":99},"end":{"line":98,"column":149}},"39":{"start":{"line":108,"column":75},"end":{"line":108,"column":94}},"40":{"start":{"line":109,"column":83},"end":{"line":109,"column":190}},"41":{"start":{"line":109,"column":134},"end":{"line":109,"column":170}},"42":{"start":{"line":109,"column":170},"end":{"line":109,"column":190}}},"fnMap":{"0":{"name":"Estudiantes","decl":{"start":{"line":6,"column":9},"end":{"line":6,"column":23}},"loc":{"start":{"line":6,"column":23},"end":{"line":126,"column":null}},"line":6},"1":{"name":"(anonymous_1)","decl":{"start":{"line":14,"column":4},"end":{"line":14,"column":20}},"loc":{"start":{"line":14,"column":20},"end":{"line":14,"column":42}},"line":14},"2":{"name":"(anonymous_2)","decl":{"start":{"line":16,"column":24},"end":{"line":16,"column":36}},"loc":{"start":{"line":16,"column":36},"end":{"line":18,"column":null}},"line":16},"3":{"name":"(anonymous_3)","decl":{"start":{"line":21,"column":28},"end":{"line":21,"column":35}},"loc":{"start":{"line":21,"column":41},"end":{"line":26,"column":null}},"line":21},"4":{"name":"(anonymous_4)","decl":{"start":{"line":30,"column":10},"end":{"line":30,"column":28}},"loc":{"start":{"line":30,"column":36},"end":{"line":32,"column":null}},"line":30},"5":{"name":"(anonymous_5)","decl":{"start":{"line":35,"column":27},"end":{"line":35,"column":34}},"loc":{"start":{"line":35,"column":41},"end":{"line":40,"column":null}},"line":35},"6":{"name":"(anonymous_6)","decl":{"start":{"line":59,"column":89},"end":{"line":59,"column":99}},"loc":{"start":{"line":59,"column":104},"end":{"line":59,"column":165}},"line":59},"7":{"name":"(anonymous_7)","decl":{"start":{"line":60,"column":97},"end":{"line":60,"column":107}},"loc":{"start":{"line":60,"column":112},"end":{"line":60,"column":177}},"line":60},"8":{"name":"(anonymous_8)","decl":{"start":{"line":61,"column":101},"end":{"line":61,"column":111}},"loc":{"start":{"line":61,"column":116},"end":{"line":61,"column":183}},"line":61},"9":{"name":"(anonymous_9)","decl":{"start":{"line":62,"column":101},"end":{"line":62,"column":111}},"loc":{"start":{"line":62,"column":116},"end":{"line":62,"column":179}},"line":62},"10":{"name":"(anonymous_10)","decl":{"start":{"line":63,"column":83},"end":{"line":63,"column":93}},"loc":{"start":{"line":63,"column":98},"end":{"line":63,"column":171}},"line":63},"11":{"name":"(anonymous_11)","decl":{"start":{"line":64,"column":100},"end":{"line":64,"column":110}},"loc":{"start":{"line":64,"column":115},"end":{"line":64,"column":180}},"line":64},"12":{"name":"(anonymous_12)","decl":{"start":{"line":84,"column":45},"end":{"line":84,"column":49}},"loc":{"start":{"line":85,"column":36},"end":{"line":119,"column":null}},"line":85},"13":{"name":"(anonymous_13)","decl":{"start":{"line":89,"column":60},"end":{"line":89,"column":75}},"loc":{"start":{"line":89,"column":75},"end":{"line":89,"column":97}},"line":89},"14":{"name":"(anonymous_14)","decl":{"start":{"line":90,"column":60},"end":{"line":90,"column":75}},"loc":{"start":{"line":90,"column":75},"end":{"line":90,"column":94}},"line":90},"15":{"name":"(anonymous_15)","decl":{"start":{"line":93,"column":84},"end":{"line":93,"column":94}},"loc":{"start":{"line":93,"column":99},"end":{"line":93,"column":150}},"line":93},"16":{"name":"(anonymous_16)","decl":{"start":{"line":94,"column":86},"end":{"line":94,"column":96}},"loc":{"start":{"line":94,"column":101},"end":{"line":94,"column":154}},"line":94},"17":{"name":"(anonymous_17)","decl":{"start":{"line":95,"column":82},"end":{"line":95,"column":92}},"loc":{"start":{"line":95,"column":97},"end":{"line":95,"column":146}},"line":95},"18":{"name":"(anonymous_18)","decl":{"start":{"line":96,"column":98},"end":{"line":96,"column":108}},"loc":{"start":{"line":96,"column":113},"end":{"line":96,"column":164}},"line":96},"19":{"name":"(anonymous_19)","decl":{"start":{"line":98,"column":84},"end":{"line":98,"column":94}},"loc":{"start":{"line":98,"column":99},"end":{"line":98,"column":149}},"line":98},"20":{"name":"(anonymous_20)","decl":{"start":{"line":108,"column":60},"end":{"line":108,"column":75}},"loc":{"start":{"line":108,"column":75},"end":{"line":108,"column":94}},"line":108},"21":{"name":"(anonymous_21)","decl":{"start":{"line":109,"column":69},"end":{"line":109,"column":81}},"loc":{"start":{"line":109,"column":81},"end":{"line":109,"column":190}},"line":109}},"branchMap":{"0":{"loc":{"start":{"line":24,"column":8},"end":{"line":26,"column":null}},"type":"if","locations":[{"start":{"line":24,"column":8},"end":{"line":26,"column":null}},{"start":{},"end":{}}],"line":24},"1":{"loc":{"start":{"line":36,"column":8},"end":{"line":40,"column":null}},"type":"if","locations":[{"start":{"line":36,"column":8},"end":{"line":40,"column":null}},{"start":{},"end":{}}],"line":36},"2":{"loc":{"start":{"line":38,"column":12},"end":{"line":40,"column":null}},"type":"if","locations":[{"start":{"line":38,"column":12},"end":{"line":40,"column":null}},{"start":{},"end":{}}],"line":38},"3":{"loc":{"start":{"line":86,"column":41},"end":{"line":117,"column":null}},"type":"cond-expr","locations":[{"start":{"line":87,"column":44},"end":{"line":104,"column":null}},{"start":{"line":106,"column":44},"end":{"line":117,"column":null}}],"line":86},"4":{"loc":{"start":{"line":109,"column":83},"end":{"line":109,"column":190}},"type":"if","locations":[{"start":{"line":109,"column":83},"end":{"line":109,"column":190}},{"start":{},"end":{}}],"line":109},"5":{"loc":{"start":{"line":116,"column":74},"end":{"line":116,"column":152}},"type":"cond-expr","locations":[{"start":{"line":116,"column":105},"end":{"line":116,"column":128}},{"start":{"line":116,"column":128},"end":{"line":116,"column":152}}],"line":116}},"s":{"0":0,"1":0,"2":0,"3":0,"4":0,"5":0,"6":0,"7":0,"8":0,"9":0,"10":0,"11":0,"12":0,"13":0,"14":0,"15":0,"16":0,"17":0,"18":0,"19":0,"20":0,"21":0,"22":0,"23":0,"24":0,"25":0,"26":0,"27":0,"28":0,"29":0,"30":0,"31":0,"32":0,"33":0,"34":0,"35":0,"36":0,"37":0,"38":0,"39":0,"40":0,"41":0,"42":0},"f":{"0":0,"1":0,"2":0,"3":0,"4":0,"5":0,"6":0,"7":0,"8":0,"9":0,"10":0,"11":0,"12":0,"13":0,"14":0,"15":0,"16":0,"17":0,"18":0,"19":0,"20":0,"21":0},"b":{"0":[0,0],"1":[0,0],"2":[0,0],"3":[0,0],"4":[0,0],"5":[0,0]},"meta":{"lastBranch":6,"lastFunction":22,"lastStatement":43,"seen":{"f:6:9:6:23":0,"s:7:24:7:54":0,"s:8:23:8:54":1,"s:9:21:9:48":2,"s:10:28:12:6":3,"s:14:4:14:Infinity":4,"f:14:4:14:20":1,"s:14:22:14:40":5,"s:16:24:18:Infinity":6,"f:16:24:16:36":2,"s:17:21:17:47":7,"s:18:8:18:Infinity":8,"s:21:28:26:Infinity":9,"f:21:28:21:35":3,"s:22:8:22:Infinity":10,"s:23:34:23:Infinity":11,"b:24:8:26:Infinity:undefined:undefined:undefined:undefined":0,"s:24:8:26:Infinity":12,"s:25:12:25:Infinity":13,"s:26:12:26:Infinity":14,"s:30:10:32:Infinity":15,"f:30:10:30:28":4,"s:31:8:31:Infinity":16,"s:32:8:32:Infinity":17,"s:35:27:40:Infinity":18,"f:35:27:35:34":5,"b:36:8:40:Infinity:undefined:undefined:undefined:undefined":1,"s:36:8:40:Infinity":19,"s:37:33:37:Infinity":20,"b:38:12:40:Infinity:undefined:undefined:undefined:undefined":2,"s:38:12:40:Infinity":21,"s:39:16:39:Infinity":22,"s:40:16:40:Infinity":23,"s:45:4:126:Infinity":24,"f:59:89:59:99":6,"s:59:104:59:165":25,"f:60:97:60:107":7,"s:60:112:60:177":26,"f:61:101:61:111":8,"s:61:116:61:183":27,"f:62:101:62:111":9,"s:62:116:62:179":28,"f:63:83:63:93":10,"s:63:98:63:171":29,"f:64:100:64:110":11,"s:64:115:64:180":30,"f:84:45:84:49":12,"s:85:36:119:Infinity":31,"b:87:44:104:Infinity:106:44:117:Infinity":3,"f:89:60:89:75":13,"s:89:75:89:97":32,"f:90:60:90:75":14,"s:90:75:90:94":33,"f:93:84:93:94":15,"s:93:99:93:150":34,"f:94:86:94:96":16,"s:94:101:94:154":35,"f:95:82:95:92":17,"s:95:97:95:146":36,"f:96:98:96:108":18,"s:96:113:96:164":37,"f:98:84:98:94":19,"s:98:99:98:149":38,"f:108:60:108:75":20,"s:108:75:108:94":39,"f:109:69:109:81":21,"b:109:83:109:190:undefined:undefined:undefined:undefined":4,"s:109:83:109:190":40,"s:109:134:109:170":41,"s:109:170:109:190":42,"b:116:105:116:128:116:128:116:152":5}}}
,"C:\\Users\\fvera\\Desktop\\Fullstack\\FullStack-III-Frontend\\frontend-colegio-react\\src\\pages\\admin\\Usuarios.jsx": {"path":"C:\\Users\\fvera\\Desktop\\Fullstack\\FullStack-III-Frontend\\frontend-colegio-react\\src\\pages\\admin\\Usuarios.jsx","statementMap":{"0":{"start":{"line":8,"column":21},"end":{"line":8,"column":48}},"1":{"start":{"line":9,"column":23},"end":{"line":9,"column":54}},"2":{"start":{"line":10,"column":21},"end":{"line":10,"column":48}},"3":{"start":{"line":11,"column":25},"end":{"line":11,"column":111}},"4":{"start":{"line":12,"column":10},"end":{"line":12,"column":34}},"5":{"start":{"line":14,"column":4},"end":{"line":14,"column":null}},"6":{"start":{"line":14,"column":22},"end":{"line":14,"column":40}},"7":{"start":{"line":16,"column":24},"end":{"line":18,"column":null}},"8":{"start":{"line":17,"column":21},"end":{"line":17,"column":44}},"9":{"start":{"line":18,"column":8},"end":{"line":18,"column":null}},"10":{"start":{"line":21,"column":10},"end":{"line":23,"column":null}},"11":{"start":{"line":22,"column":8},"end":{"line":22,"column":null}},"12":{"start":{"line":23,"column":8},"end":{"line":23,"column":null}},"13":{"start":{"line":26,"column":10},"end":{"line":28,"column":null}},"14":{"start":{"line":27,"column":8},"end":{"line":27,"column":null}},"15":{"start":{"line":28,"column":8},"end":{"line":28,"column":null}},"16":{"start":{"line":31,"column":27},"end":{"line":37,"column":null}},"17":{"start":{"line":32,"column":8},"end":{"line":37,"column":null}},"18":{"start":{"line":33,"column":33},"end":{"line":33,"column":48}},"19":{"start":{"line":34,"column":12},"end":{"line":34,"column":null}},"20":{"start":{"line":35,"column":12},"end":{"line":37,"column":null}},"21":{"start":{"line":36,"column":16},"end":{"line":36,"column":null}},"22":{"start":{"line":37,"column":16},"end":{"line":37,"column":null}},"23":{"start":{"line":42,"column":4},"end":{"line":132,"column":null}},"24":{"start":{"line":55,"column":51},"end":{"line":55,"column":71}},"25":{"start":{"line":55,"column":71},"end":{"line":55,"column":null}},"26":{"start":{"line":55,"column":109},"end":{"line":55,"column":124}},"27":{"start":{"line":55,"column":124},"end":{"line":55,"column":null}},"28":{"start":{"line":58,"column":122},"end":{"line":58,"column":177}},"29":{"start":{"line":61,"column":120},"end":{"line":61,"column":178}},"30":{"start":{"line":64,"column":122},"end":{"line":64,"column":179}},"31":{"start":{"line":67,"column":128},"end":{"line":67,"column":188}},"32":{"start":{"line":70,"column":76},"end":{"line":70,"column":131}},"33":{"start":{"line":95,"column":36},"end":{"line":125,"column":null}},"34":{"start":{"line":99,"column":75},"end":{"line":99,"column":95}},"35":{"start":{"line":103,"column":98},"end":{"line":103,"column":148}},"36":{"start":{"line":104,"column":97},"end":{"line":104,"column":146}},"37":{"start":{"line":106,"column":96},"end":{"line":106,"column":143}},"38":{"start":{"line":116,"column":75},"end":{"line":116,"column":92}},"39":{"start":{"line":117,"column":83},"end":{"line":117,"column":177}},"40":{"start":{"line":117,"column":126},"end":{"line":117,"column":157}},"41":{"start":{"line":117,"column":157},"end":{"line":117,"column":177}}},"fnMap":{"0":{"name":"Usuarios","decl":{"start":{"line":7,"column":9},"end":{"line":7,"column":20}},"loc":{"start":{"line":7,"column":20},"end":{"line":132,"column":null}},"line":7},"1":{"name":"(anonymous_1)","decl":{"start":{"line":14,"column":4},"end":{"line":14,"column":20}},"loc":{"start":{"line":14,"column":20},"end":{"line":14,"column":42}},"line":14},"2":{"name":"(anonymous_2)","decl":{"start":{"line":16,"column":24},"end":{"line":16,"column":36}},"loc":{"start":{"line":16,"column":36},"end":{"line":18,"column":null}},"line":16},"3":{"name":"(anonymous_3)","decl":{"start":{"line":21,"column":10},"end":{"line":21,"column":28}},"loc":{"start":{"line":21,"column":34},"end":{"line":23,"column":null}},"line":21},"4":{"name":"(anonymous_4)","decl":{"start":{"line":26,"column":10},"end":{"line":26,"column":34}},"loc":{"start":{"line":26,"column":34},"end":{"line":28,"column":null}},"line":26},"5":{"name":"(anonymous_5)","decl":{"start":{"line":31,"column":27},"end":{"line":31,"column":34}},"loc":{"start":{"line":31,"column":41},"end":{"line":37,"column":null}},"line":31},"6":{"name":"(anonymous_6)","decl":{"start":{"line":55,"column":36},"end":{"line":55,"column":43}},"loc":{"start":{"line":55,"column":49},"end":{"line":55,"column":null}},"line":55},"7":{"name":"(anonymous_7)","decl":{"start":{"line":58,"column":107},"end":{"line":58,"column":117}},"loc":{"start":{"line":58,"column":122},"end":{"line":58,"column":177}},"line":58},"8":{"name":"(anonymous_8)","decl":{"start":{"line":61,"column":105},"end":{"line":61,"column":115}},"loc":{"start":{"line":61,"column":120},"end":{"line":61,"column":178}},"line":61},"9":{"name":"(anonymous_9)","decl":{"start":{"line":64,"column":107},"end":{"line":64,"column":117}},"loc":{"start":{"line":64,"column":122},"end":{"line":64,"column":179}},"line":64},"10":{"name":"(anonymous_10)","decl":{"start":{"line":67,"column":113},"end":{"line":67,"column":123}},"loc":{"start":{"line":67,"column":128},"end":{"line":67,"column":188}},"line":67},"11":{"name":"(anonymous_11)","decl":{"start":{"line":70,"column":61},"end":{"line":70,"column":71}},"loc":{"start":{"line":70,"column":76},"end":{"line":70,"column":131}},"line":70},"12":{"name":"(anonymous_12)","decl":{"start":{"line":94,"column":42},"end":{"line":94,"column":46}},"loc":{"start":{"line":95,"column":36},"end":{"line":125,"column":null}},"line":95},"13":{"name":"(anonymous_13)","decl":{"start":{"line":99,"column":60},"end":{"line":99,"column":75}},"loc":{"start":{"line":99,"column":75},"end":{"line":99,"column":95}},"line":99},"14":{"name":"(anonymous_14)","decl":{"start":{"line":103,"column":83},"end":{"line":103,"column":93}},"loc":{"start":{"line":103,"column":98},"end":{"line":103,"column":148}},"line":103},"15":{"name":"(anonymous_15)","decl":{"start":{"line":104,"column":82},"end":{"line":104,"column":92}},"loc":{"start":{"line":104,"column":97},"end":{"line":104,"column":146}},"line":104},"16":{"name":"(anonymous_16)","decl":{"start":{"line":106,"column":81},"end":{"line":106,"column":91}},"loc":{"start":{"line":106,"column":96},"end":{"line":106,"column":143}},"line":106},"17":{"name":"(anonymous_17)","decl":{"start":{"line":116,"column":60},"end":{"line":116,"column":75}},"loc":{"start":{"line":116,"column":75},"end":{"line":116,"column":92}},"line":116},"18":{"name":"(anonymous_18)","decl":{"start":{"line":117,"column":69},"end":{"line":117,"column":81}},"loc":{"start":{"line":117,"column":81},"end":{"line":117,"column":177}},"line":117}},"branchMap":{"0":{"loc":{"start":{"line":32,"column":8},"end":{"line":37,"column":null}},"type":"if","locations":[{"start":{"line":32,"column":8},"end":{"line":37,"column":null}},{"start":{},"end":{}}],"line":32},"1":{"loc":{"start":{"line":35,"column":12},"end":{"line":37,"column":null}},"type":"if","locations":[{"start":{"line":35,"column":12},"end":{"line":37,"column":null}},{"start":{},"end":{}}],"line":35},"2":{"loc":{"start":{"line":55,"column":71},"end":{"line":55,"column":null}},"type":"if","locations":[{"start":{"line":55,"column":71},"end":{"line":55,"column":null}},{"start":{},"end":{}}],"line":55},"3":{"loc":{"start":{"line":96,"column":41},"end":{"line":123,"column":null}},"type":"cond-expr","locations":[{"start":{"line":97,"column":44},"end":{"line":112,"column":null}},{"start":{"line":114,"column":44},"end":{"line":123,"column":null}}],"line":96},"4":{"loc":{"start":{"line":117,"column":83},"end":{"line":117,"column":177}},"type":"if","locations":[{"start":{"line":117,"column":83},"end":{"line":117,"column":177}},{"start":{},"end":{}}],"line":117}},"s":{"0":0,"1":0,"2":0,"3":0,"4":0,"5":0,"6":0,"7":0,"8":0,"9":0,"10":0,"11":0,"12":0,"13":0,"14":0,"15":0,"16":0,"17":0,"18":0,"19":0,"20":0,"21":0,"22":0,"23":0,"24":0,"25":0,"26":0,"27":0,"28":0,"29":0,"30":0,"31":0,"32":0,"33":0,"34":0,"35":0,"36":0,"37":0,"38":0,"39":0,"40":0,"41":0},"f":{"0":0,"1":0,"2":0,"3":0,"4":0,"5":0,"6":0,"7":0,"8":0,"9":0,"10":0,"11":0,"12":0,"13":0,"14":0,"15":0,"16":0,"17":0,"18":0},"b":{"0":[0,0],"1":[0,0],"2":[0,0],"3":[0,0],"4":[0,0]},"meta":{"lastBranch":5,"lastFunction":19,"lastStatement":42,"seen":{"f:7:9:7:20":0,"s:8:21:8:48":0,"s:9:23:9:54":1,"s:10:21:10:48":2,"s:11:25:11:111":3,"s:12:10:12:34":4,"s:14:4:14:Infinity":5,"f:14:4:14:20":1,"s:14:22:14:40":6,"s:16:24:18:Infinity":7,"f:16:24:16:36":2,"s:17:21:17:44":8,"s:18:8:18:Infinity":9,"s:21:10:23:Infinity":10,"f:21:10:21:28":3,"s:22:8:22:Infinity":11,"s:23:8:23:Infinity":12,"s:26:10:28:Infinity":13,"f:26:10:26:34":4,"s:27:8:27:Infinity":14,"s:28:8:28:Infinity":15,"s:31:27:37:Infinity":16,"f:31:27:31:34":5,"b:32:8:37:Infinity:undefined:undefined:undefined:undefined":0,"s:32:8:37:Infinity":17,"s:33:33:33:48":18,"s:34:12:34:Infinity":19,"b:35:12:37:Infinity:undefined:undefined:undefined:undefined":1,"s:35:12:37:Infinity":20,"s:36:16:36:Infinity":21,"s:37:16:37:Infinity":22,"s:42:4:132:Infinity":23,"f:55:36:55:43":6,"s:55:51:55:71":24,"b:55:71:55:Infinity:undefined:undefined:undefined:undefined":2,"s:55:71:55:Infinity":25,"s:55:109:55:124":26,"s:55:124:55:Infinity":27,"f:58:107:58:117":7,"s:58:122:58:177":28,"f:61:105:61:115":8,"s:61:120:61:178":29,"f:64:107:64:117":9,"s:64:122:64:179":30,"f:67:113:67:123":10,"s:67:128:67:188":31,"f:70:61:70:71":11,"s:70:76:70:131":32,"f:94:42:94:46":12,"s:95:36:125:Infinity":33,"b:97:44:112:Infinity:114:44:123:Infinity":3,"f:99:60:99:75":13,"s:99:75:99:95":34,"f:103:83:103:93":14,"s:103:98:103:148":35,"f:104:82:104:92":15,"s:104:97:104:146":36,"f:106:81:106:91":16,"s:106:96:106:143":37,"f:116:60:116:75":17,"s:116:75:116:92":38,"f:117:69:117:81":18,"b:117:83:117:177:undefined:undefined:undefined:undefined":4,"s:117:83:117:177":39,"s:117:126:117:157":40,"s:117:157:117:177":41}}}
,"C:\\Users\\fvera\\Desktop\\Fullstack\\FullStack-III-Frontend\\frontend-colegio-react\\src\\pages\\profesor\\Anotaciones.jsx": {"path":"C:\\Users\\fvera\\Desktop\\Fullstack\\FullStack-III-Frontend\\frontend-colegio-react\\src\\pages\\profesor\\Anotaciones.jsx","statementMap":{"0":{"start":{"line":7,"column":19},"end":{"line":7,"column":44}},"1":{"start":{"line":8,"column":30},"end":{"line":8,"column":66}},"2":{"start":{"line":9,"column":21},"end":{"line":9,"column":48}},"3":{"start":{"line":10,"column":26},"end":{"line":10,"column":58}},"4":{"start":{"line":11,"column":24},"end":{"line":11,"column":54}},"5":{"start":{"line":12,"column":25},"end":{"line":12,"column":56}},"6":{"start":{"line":13,"column":28},"end":{"line":13,"column":65}},"7":{"start":{"line":15,"column":4},"end":{"line":17,"column":null}},"8":{"start":{"line":16,"column":8},"end":{"line":16,"column":null}},"9":{"start":{"line":16,"column":41},"end":{"line":16,"column":62}},"10":{"start":{"line":19,"column":4},"end":{"line":26,"column":null}},"11":{"start":{"line":20,"column":8},"end":{"line":24,"column":null}},"12":{"start":{"line":21,"column":12},"end":{"line":21,"column":null}},"13":{"start":{"line":23,"column":12},"end":{"line":23,"column":null}},"14":{"start":{"line":24,"column":12},"end":{"line":24,"column":null}},"15":{"start":{"line":28,"column":34},"end":{"line":34,"column":null}},"16":{"start":{"line":29,"column":8},"end":{"line":29,"column":null}},"17":{"start":{"line":30,"column":8},"end":{"line":34,"column":null}},"18":{"start":{"line":31,"column":25},"end":{"line":31,"column":68}},"19":{"start":{"line":32,"column":12},"end":{"line":32,"column":null}},"20":{"start":{"line":34,"column":12},"end":{"line":34,"column":null}},"21":{"start":{"line":38,"column":40},"end":{"line":53,"column":null}},"22":{"start":{"line":39,"column":8},"end":{"line":39,"column":null}},"23":{"start":{"line":40,"column":27},"end":{"line":40,"column":61}},"24":{"start":{"line":41,"column":24},"end":{"line":47,"column":null}},"25":{"start":{"line":49,"column":8},"end":{"line":53,"column":null}},"26":{"start":{"line":50,"column":12},"end":{"line":50,"column":null}},"27":{"start":{"line":51,"column":12},"end":{"line":51,"column":29}},"28":{"start":{"line":51,"column":29},"end":{"line":51,"column":51}},"29":{"start":{"line":51,"column":51},"end":{"line":51,"column":null}},"30":{"start":{"line":53,"column":12},"end":{"line":53,"column":null}},"31":{"start":{"line":57,"column":4},"end":{"line":111,"column":null}},"32":{"start":{"line":84,"column":103},"end":{"line":84,"column":139}},"33":{"start":{"line":86,"column":49},"end":{"line":86,"column":128}},"34":{"start":{"line":91,"column":94},"end":{"line":91,"column":121}},"35":{"start":{"line":93,"column":56},"end":{"line":93,"column":134}},"36":{"start":{"line":98,"column":99},"end":{"line":98,"column":131}},"37":{"start":{"line":106,"column":117},"end":{"line":106,"column":147}}},"fnMap":{"0":{"name":"Anotaciones","decl":{"start":{"line":6,"column":9},"end":{"line":6,"column":23}},"loc":{"start":{"line":6,"column":23},"end":{"line":111,"column":null}},"line":6},"1":{"name":"(anonymous_1)","decl":{"start":{"line":15,"column":4},"end":{"line":15,"column":20}},"loc":{"start":{"line":15,"column":20},"end":{"line":17,"column":9}},"line":15},"2":{"name":"(anonymous_2)","decl":{"start":{"line":16,"column":28},"end":{"line":16,"column":33}},"loc":{"start":{"line":16,"column":41},"end":{"line":16,"column":62}},"line":16},"3":{"name":"(anonymous_3)","decl":{"start":{"line":19,"column":4},"end":{"line":19,"column":20}},"loc":{"start":{"line":19,"column":20},"end":{"line":26,"column":8}},"line":19},"4":{"name":"(anonymous_4)","decl":{"start":{"line":28,"column":34},"end":{"line":28,"column":46}},"loc":{"start":{"line":28,"column":46},"end":{"line":34,"column":null}},"line":28},"5":{"name":"(anonymous_5)","decl":{"start":{"line":38,"column":40},"end":{"line":38,"column":47}},"loc":{"start":{"line":38,"column":53},"end":{"line":53,"column":null}},"line":38},"6":{"name":"(anonymous_6)","decl":{"start":{"line":84,"column":88},"end":{"line":84,"column":98}},"loc":{"start":{"line":84,"column":103},"end":{"line":84,"column":139}},"line":84},"7":{"name":"(anonymous_7)","decl":{"start":{"line":86,"column":40},"end":{"line":86,"column":44}},"loc":{"start":{"line":86,"column":49},"end":{"line":86,"column":128}},"line":86},"8":{"name":"(anonymous_8)","decl":{"start":{"line":91,"column":79},"end":{"line":91,"column":89}},"loc":{"start":{"line":91,"column":94},"end":{"line":91,"column":121}},"line":91},"9":{"name":"(anonymous_9)","decl":{"start":{"line":93,"column":46},"end":{"line":93,"column":50}},"loc":{"start":{"line":93,"column":56},"end":{"line":93,"column":134}},"line":93},"10":{"name":"(anonymous_10)","decl":{"start":{"line":98,"column":84},"end":{"line":98,"column":94}},"loc":{"start":{"line":98,"column":99},"end":{"line":98,"column":131}},"line":98},"11":{"name":"(anonymous_11)","decl":{"start":{"line":106,"column":102},"end":{"line":106,"column":112}},"loc":{"start":{"line":106,"column":117},"end":{"line":106,"column":147}},"line":106}},"branchMap":{"0":{"loc":{"start":{"line":16,"column":51},"end":{"line":16,"column":61}},"type":"binary-expr","locations":[{"start":{"line":16,"column":51},"end":{"line":16,"column":59}},{"start":{"line":16,"column":59},"end":{"line":16,"column":61}}],"line":16},"1":{"loc":{"start":{"line":20,"column":8},"end":{"line":24,"column":null}},"type":"if","locations":[{"start":{"line":20,"column":8},"end":{"line":24,"column":null}},{"start":{"line":22,"column":15},"end":{"line":24,"column":null}}],"line":20},"2":{"loc":{"start":{"line":32,"column":28},"end":{"line":32,"column":38}},"type":"binary-expr","locations":[{"start":{"line":32,"column":28},"end":{"line":32,"column":36}},{"start":{"line":32,"column":36},"end":{"line":32,"column":38}}],"line":32},"3":{"loc":{"start":{"line":49,"column":8},"end":{"line":53,"column":null}},"type":"if","locations":[{"start":{"line":49,"column":8},"end":{"line":53,"column":null}},{"start":{"line":52,"column":15},"end":{"line":53,"column":null}}],"line":49},"4":{"loc":{"start":{"line":86,"column":82},"end":{"line":86,"column":127}},"type":"binary-expr","locations":[{"start":{"line":86,"column":82},"end":{"line":86,"column":94}},{"start":{"line":86,"column":94},"end":{"line":86,"column":127}}],"line":86},"5":{"loc":{"start":{"line":90,"column":59},"end":{"line":90,"column":116}},"type":"cond-expr","locations":[{"start":{"line":90,"column":77},"end":{"line":90,"column":95}},{"start":{"line":90,"column":95},"end":{"line":90,"column":116}}],"line":90},"6":{"loc":{"start":{"line":91,"column":133},"end":{"line":91,"column":172}},"type":"binary-expr","locations":[{"start":{"line":91,"column":133},"end":{"line":91,"column":155}},{"start":{"line":91,"column":155},"end":{"line":91,"column":172}}],"line":91}},"s":{"0":0,"1":0,"2":0,"3":0,"4":0,"5":0,"6":0,"7":0,"8":0,"9":0,"10":0,"11":0,"12":0,"13":0,"14":0,"15":0,"16":0,"17":0,"18":0,"19":0,"20":0,"21":0,"22":0,"23":0,"24":0,"25":0,"26":0,"27":0,"28":0,"29":0,"30":0,"31":0,"32":0,"33":0,"34":0,"35":0,"36":0,"37":0},"f":{"0":0,"1":0,"2":0,"3":0,"4":0,"5":0,"6":0,"7":0,"8":0,"9":0,"10":0,"11":0},"b":{"0":[0,0],"1":[0,0],"2":[0,0],"3":[0,0],"4":[0,0],"5":[0,0],"6":[0,0]},"meta":{"lastBranch":7,"lastFunction":12,"lastStatement":38,"seen":{"f:6:9:6:23":0,"s:7:19:7:44":0,"s:8:30:8:66":1,"s:9:21:9:48":2,"s:10:26:10:58":3,"s:11:24:11:54":4,"s:12:25:12:56":5,"s:13:28:13:65":6,"s:15:4:17:Infinity":7,"f:15:4:15:20":1,"s:16:8:16:Infinity":8,"f:16:28:16:33":2,"s:16:41:16:62":9,"b:16:51:16:59:16:59:16:61":0,"s:19:4:26:Infinity":10,"f:19:4:19:20":3,"b:20:8:24:Infinity:22:15:24:Infinity":1,"s:20:8:24:Infinity":11,"s:21:12:21:Infinity":12,"s:23:12:23:Infinity":13,"s:24:12:24:Infinity":14,"s:28:34:34:Infinity":15,"f:28:34:28:46":4,"s:29:8:29:Infinity":16,"s:30:8:34:Infinity":17,"s:31:25:31:68":18,"s:32:12:32:Infinity":19,"b:32:28:32:36:32:36:32:38":2,"s:34:12:34:Infinity":20,"s:38:40:53:Infinity":21,"f:38:40:38:47":5,"s:39:8:39:Infinity":22,"s:40:27:40:61":23,"s:41:24:47:Infinity":24,"b:49:8:53:Infinity:52:15:53:Infinity":3,"s:49:8:53:Infinity":25,"s:50:12:50:Infinity":26,"s:51:12:51:29":27,"s:51:29:51:51":28,"s:51:51:51:Infinity":29,"s:53:12:53:Infinity":30,"s:57:4:111:Infinity":31,"f:84:88:84:98":6,"s:84:103:84:139":32,"f:86:40:86:44":7,"s:86:49:86:128":33,"b:86:82:86:94:86:94:86:127":4,"b:90:77:90:95:90:95:90:116":5,"f:91:79:91:89":8,"s:91:94:91:121":34,"b:91:133:91:155:91:155:91:172":6,"f:93:46:93:50":9,"s:93:56:93:134":35,"f:98:84:98:94":10,"s:98:99:98:131":36,"f:106:102:106:112":11,"s:106:117:106:147":37}}}
,"C:\\Users\\fvera\\Desktop\\Fullstack\\FullStack-III-Frontend\\frontend-colegio-react\\src\\pages\\profesor\\Asistencia.jsx": {"path":"C:\\Users\\fvera\\Desktop\\Fullstack\\FullStack-III-Frontend\\frontend-colegio-react\\src\\pages\\profesor\\Asistencia.jsx","statementMap":{"0":{"start":{"line":7,"column":19},"end":{"line":7,"column":44}},"1":{"start":{"line":8,"column":30},"end":{"line":8,"column":66}},"2":{"start":{"line":9,"column":18},"end":{"line":9,"column":78}},"3":{"start":{"line":10,"column":25},"end":{"line":10,"column":56}},"4":{"start":{"line":11,"column":21},"end":{"line":11,"column":51}},"5":{"start":{"line":13,"column":4},"end":{"line":15,"column":null}},"6":{"start":{"line":14,"column":8},"end":{"line":14,"column":null}},"7":{"start":{"line":14,"column":41},"end":{"line":14,"column":62}},"8":{"start":{"line":17,"column":4},"end":{"line":19,"column":null}},"9":{"start":{"line":18,"column":8},"end":{"line":18,"column":null}},"10":{"start":{"line":18,"column":40},"end":{"line":18,"column":null}},"11":{"start":{"line":21,"column":29},"end":{"line":36,"column":null}},"12":{"start":{"line":22,"column":8},"end":{"line":22,"column":null}},"13":{"start":{"line":23,"column":8},"end":{"line":36,"column":null}},"14":{"start":{"line":24,"column":30},"end":{"line":24,"column":56}},"15":{"start":{"line":25,"column":30},"end":{"line":25,"column":119}},"16":{"start":{"line":25,"column":52},"end":{"line":25,"column":118}},"17":{"start":{"line":27,"column":12},"end":{"line":31,"column":null}},"18":{"start":{"line":28,"column":16},"end":{"line":28,"column":null}},"19":{"start":{"line":30,"column":31},"end":{"line":30,"column":74}},"20":{"start":{"line":31,"column":16},"end":{"line":31,"column":null}},"21":{"start":{"line":31,"column":50},"end":{"line":31,"column":77}},"22":{"start":{"line":34,"column":12},"end":{"line":34,"column":null}},"23":{"start":{"line":36,"column":12},"end":{"line":36,"column":null}},"24":{"start":{"line":40,"column":10},"end":{"line":41,"column":null}},"25":{"start":{"line":41,"column":8},"end":{"line":41,"column":null}},"26":{"start":{"line":41,"column":32},"end":{"line":41,"column":101}},"27":{"start":{"line":41,"column":47},"end":{"line":41,"column":101}},"28":{"start":{"line":45,"column":33},"end":{"line":47,"column":null}},"29":{"start":{"line":46,"column":37},"end":{"line":46,"column":48}},"30":{"start":{"line":49,"column":4},"end":{"line":113,"column":null}},"31":{"start":{"line":66,"column":99},"end":{"line":66,"column":135}},"32":{"start":{"line":68,"column":45},"end":{"line":68,"column":124}},"33":{"start":{"line":73,"column":97},"end":{"line":73,"column":125}},"34":{"start":{"line":92,"column":36},"end":{"line":104,"column":null}},"35":{"start":{"line":98,"column":63},"end":{"line":98,"column":88}}},"fnMap":{"0":{"name":"Asistencia","decl":{"start":{"line":6,"column":9},"end":{"line":6,"column":22}},"loc":{"start":{"line":6,"column":22},"end":{"line":113,"column":null}},"line":6},"1":{"name":"(anonymous_1)","decl":{"start":{"line":13,"column":4},"end":{"line":13,"column":20}},"loc":{"start":{"line":13,"column":20},"end":{"line":15,"column":9}},"line":13},"2":{"name":"(anonymous_2)","decl":{"start":{"line":14,"column":28},"end":{"line":14,"column":33}},"loc":{"start":{"line":14,"column":41},"end":{"line":14,"column":62}},"line":14},"3":{"name":"(anonymous_3)","decl":{"start":{"line":17,"column":4},"end":{"line":17,"column":20}},"loc":{"start":{"line":17,"column":20},"end":{"line":19,"column":8}},"line":17},"4":{"name":"(anonymous_4)","decl":{"start":{"line":21,"column":29},"end":{"line":21,"column":41}},"loc":{"start":{"line":21,"column":41},"end":{"line":36,"column":null}},"line":21},"5":{"name":"(anonymous_5)","decl":{"start":{"line":25,"column":40},"end":{"line":25,"column":47}},"loc":{"start":{"line":25,"column":52},"end":{"line":25,"column":118}},"line":25},"6":{"name":"(anonymous_6)","decl":{"start":{"line":31,"column":39},"end":{"line":31,"column":43}},"loc":{"start":{"line":31,"column":50},"end":{"line":31,"column":77}},"line":31},"7":{"name":"(anonymous_7)","decl":{"start":{"line":40,"column":10},"end":{"line":40,"column":32}},"loc":{"start":{"line":40,"column":39},"end":{"line":41,"column":null}},"line":40},"8":{"name":"(anonymous_8)","decl":{"start":{"line":41,"column":8},"end":{"line":41,"column":24}},"loc":{"start":{"line":41,"column":32},"end":{"line":41,"column":101}},"line":41},"9":{"name":"(anonymous_9)","decl":{"start":{"line":41,"column":37},"end":{"line":41,"column":41}},"loc":{"start":{"line":41,"column":47},"end":{"line":41,"column":101}},"line":41},"10":{"name":"(anonymous_10)","decl":{"start":{"line":46,"column":25},"end":{"line":46,"column":32}},"loc":{"start":{"line":46,"column":37},"end":{"line":46,"column":48}},"line":46},"11":{"name":"(anonymous_11)","decl":{"start":{"line":66,"column":84},"end":{"line":66,"column":94}},"loc":{"start":{"line":66,"column":99},"end":{"line":66,"column":135}},"line":66},"12":{"name":"(anonymous_12)","decl":{"start":{"line":68,"column":36},"end":{"line":68,"column":40}},"loc":{"start":{"line":68,"column":45},"end":{"line":68,"column":124}},"line":68},"13":{"name":"(anonymous_13)","decl":{"start":{"line":73,"column":82},"end":{"line":73,"column":92}},"loc":{"start":{"line":73,"column":97},"end":{"line":73,"column":125}},"line":73},"14":{"name":"(anonymous_14)","decl":{"start":{"line":91,"column":46},"end":{"line":91,"column":50}},"loc":{"start":{"line":92,"column":36},"end":{"line":104,"column":null}},"line":92},"15":{"name":"(anonymous_15)","decl":{"start":{"line":98,"column":48},"end":{"line":98,"column":63}},"loc":{"start":{"line":98,"column":63},"end":{"line":98,"column":88}},"line":98}},"branchMap":{"0":{"loc":{"start":{"line":14,"column":51},"end":{"line":14,"column":61}},"type":"binary-expr","locations":[{"start":{"line":14,"column":51},"end":{"line":14,"column":59}},{"start":{"line":14,"column":59},"end":{"line":14,"column":61}}],"line":14},"1":{"loc":{"start":{"line":18,"column":8},"end":{"line":18,"column":null}},"type":"if","locations":[{"start":{"line":18,"column":8},"end":{"line":18,"column":null}},{"start":{},"end":{}}],"line":18},"2":{"loc":{"start":{"line":18,"column":12},"end":{"line":18,"column":40}},"type":"binary-expr","locations":[{"start":{"line":18,"column":12},"end":{"line":18,"column":33}},{"start":{"line":18,"column":33},"end":{"line":18,"column":40}}],"line":18},"3":{"loc":{"start":{"line":25,"column":52},"end":{"line":25,"column":118}},"type":"binary-expr","locations":[{"start":{"line":25,"column":52},"end":{"line":25,"column":73}},{"start":{"line":25,"column":73},"end":{"line":25,"column":118}}],"line":25},"4":{"loc":{"start":{"line":27,"column":12},"end":{"line":31,"column":null}},"type":"if","locations":[{"start":{"line":27,"column":12},"end":{"line":31,"column":null}},{"start":{"line":29,"column":19},"end":{"line":31,"column":null}}],"line":27},"5":{"loc":{"start":{"line":41,"column":47},"end":{"line":41,"column":101}},"type":"cond-expr","locations":[{"start":{"line":41,"column":62},"end":{"line":41,"column":98}},{"start":{"line":41,"column":98},"end":{"line":41,"column":101}}],"line":41},"6":{"loc":{"start":{"line":45,"column":33},"end":{"line":47,"column":null}},"type":"cond-expr","locations":[{"start":{"line":45,"column":55},"end":{"line":46,"column":96}},{"start":{"line":47,"column":10},"end":{"line":47,"column":null}}],"line":45},"7":{"loc":{"start":{"line":68,"column":78},"end":{"line":68,"column":123}},"type":"binary-expr","locations":[{"start":{"line":68,"column":78},"end":{"line":68,"column":90}},{"start":{"line":68,"column":90},"end":{"line":68,"column":123}}],"line":68},"8":{"loc":{"start":{"line":78,"column":13},"end":{"line":113,"column":null}},"type":"cond-expr","locations":[{"start":{"line":78,"column":24},"end":{"line":79,"column":null}},{"start":{"line":79,"column":13},"end":{"line":113,"column":null}}],"line":78},"9":{"loc":{"start":{"line":79,"column":13},"end":{"line":113,"column":null}},"type":"cond-expr","locations":[{"start":{"line":80,"column":16},"end":{"line":113,"column":17}},{"start":{"line":113,"column":16},"end":{"line":113,"column":null}}],"line":79},"10":{"loc":{"start":{"line":94,"column":45},"end":{"line":94,"column":70}},"type":"binary-expr","locations":[{"start":{"line":94,"column":45},"end":{"line":94,"column":55}},{"start":{"line":94,"column":55},"end":{"line":94,"column":70}}],"line":94},"11":{"loc":{"start":{"line":99,"column":73},"end":{"line":99,"column":null}},"type":"cond-expr","locations":[{"start":{"line":99,"column":87},"end":{"line":99,"column":104}},{"start":{"line":99,"column":104},"end":{"line":99,"column":null}}],"line":99},"12":{"loc":{"start":{"line":101,"column":49},"end":{"line":101,"column":null}},"type":"cond-expr","locations":[{"start":{"line":101,"column":63},"end":{"line":101,"column":78}},{"start":{"line":101,"column":78},"end":{"line":101,"column":null}}],"line":101}},"s":{"0":0,"1":0,"2":0,"3":0,"4":0,"5":0,"6":0,"7":0,"8":0,"9":0,"10":0,"11":0,"12":0,"13":0,"14":0,"15":0,"16":0,"17":0,"18":0,"19":0,"20":0,"21":0,"22":0,"23":0,"24":0,"25":0,"26":0,"27":0,"28":0,"29":0,"30":0,"31":0,"32":0,"33":0,"34":0,"35":0},"f":{"0":0,"1":0,"2":0,"3":0,"4":0,"5":0,"6":0,"7":0,"8":0,"9":0,"10":0,"11":0,"12":0,"13":0,"14":0,"15":0},"b":{"0":[0,0],"1":[0,0],"2":[0,0],"3":[0,0],"4":[0,0],"5":[0,0],"6":[0,0],"7":[0,0],"8":[0,0],"9":[0,0],"10":[0,0],"11":[0,0],"12":[0,0]},"meta":{"lastBranch":13,"lastFunction":16,"lastStatement":36,"seen":{"f:6:9:6:22":0,"s:7:19:7:44":0,"s:8:30:8:66":1,"s:9:18:9:78":2,"s:10:25:10:56":3,"s:11:21:11:51":4,"s:13:4:15:Infinity":5,"f:13:4:13:20":1,"s:14:8:14:Infinity":6,"f:14:28:14:33":2,"s:14:41:14:62":7,"b:14:51:14:59:14:59:14:61":0,"s:17:4:19:Infinity":8,"f:17:4:17:20":3,"b:18:8:18:Infinity:undefined:undefined:undefined:undefined":1,"s:18:8:18:Infinity":9,"b:18:12:18:33:18:33:18:40":2,"s:18:40:18:Infinity":10,"s:21:29:36:Infinity":11,"f:21:29:21:41":4,"s:22:8:22:Infinity":12,"s:23:8:36:Infinity":13,"s:24:30:24:56":14,"s:25:30:25:119":15,"f:25:40:25:47":5,"s:25:52:25:118":16,"b:25:52:25:73:25:73:25:118":3,"b:27:12:31:Infinity:29:19:31:Infinity":4,"s:27:12:31:Infinity":17,"s:28:16:28:Infinity":18,"s:30:31:30:74":19,"s:31:16:31:Infinity":20,"f:31:39:31:43":6,"s:31:50:31:77":21,"s:34:12:34:Infinity":22,"s:36:12:36:Infinity":23,"s:40:10:41:Infinity":24,"f:40:10:40:32":7,"s:41:8:41:Infinity":25,"f:41:8:41:24":8,"s:41:32:41:101":26,"f:41:37:41:41":9,"s:41:47:41:101":27,"b:41:62:41:98:41:98:41:101":5,"s:45:33:47:Infinity":28,"b:45:55:46:96:47:10:47:Infinity":6,"f:46:25:46:32":10,"s:46:37:46:48":29,"s:49:4:113:Infinity":30,"f:66:84:66:94":11,"s:66:99:66:135":31,"f:68:36:68:40":12,"s:68:45:68:124":32,"b:68:78:68:90:68:90:68:123":7,"f:73:82:73:92":13,"s:73:97:73:125":33,"b:78:24:79:Infinity:79:13:113:Infinity":8,"b:80:16:113:17:113:16:113:Infinity":9,"f:91:46:91:50":14,"s:92:36:104:Infinity":34,"b:94:45:94:55:94:55:94:70":10,"f:98:48:98:63":15,"s:98:63:98:88":35,"b:99:87:99:104:99:104:99:Infinity":11,"b:101:63:101:78:101:78:101:Infinity":12}}}
,"C:\\Users\\fvera\\Desktop\\Fullstack\\FullStack-III-Frontend\\frontend-colegio-react\\src\\pages\\profesor\\Evaluaciones.jsx": {"path":"C:\\Users\\fvera\\Desktop\\Fullstack\\FullStack-III-Frontend\\frontend-colegio-react\\src\\pages\\profesor\\Evaluaciones.jsx","statementMap":{"0":{"start":{"line":8,"column":19},"end":{"line":8,"column":44}},"1":{"start":{"line":9,"column":24},"end":{"line":9,"column":54}},"2":{"start":{"line":10,"column":30},"end":{"line":10,"column":66}},"3":{"start":{"line":11,"column":35},"end":{"line":11,"column":76}},"4":{"start":{"line":12,"column":25},"end":{"line":12,"column":56}},"5":{"start":{"line":13,"column":21},"end":{"line":13,"column":51}},"6":{"start":{"line":15,"column":4},"end":{"line":17,"column":null}},"7":{"start":{"line":16,"column":8},"end":{"line":16,"column":null}},"8":{"start":{"line":16,"column":41},"end":{"line":16,"column":62}},"9":{"start":{"line":19,"column":4},"end":{"line":30,"column":null}},"10":{"start":{"line":20,"column":8},"end":{"line":20,"column":null}},"11":{"start":{"line":20,"column":32},"end":{"line":20,"column":null}},"12":{"start":{"line":21,"column":28},"end":{"line":27,"column":null}},"13":{"start":{"line":22,"column":12},"end":{"line":22,"column":null}},"14":{"start":{"line":23,"column":25},"end":{"line":23,"column":80}},"15":{"start":{"line":24,"column":25},"end":{"line":24,"column":68}},"16":{"start":{"line":25,"column":12},"end":{"line":25,"column":null}},"17":{"start":{"line":26,"column":12},"end":{"line":26,"column":null}},"18":{"start":{"line":26,"column":44},"end":{"line":26,"column":89}},"19":{"start":{"line":27,"column":12},"end":{"line":27,"column":null}},"20":{"start":{"line":29,"column":8},"end":{"line":29,"column":null}},"21":{"start":{"line":32,"column":10},"end":{"line":33,"column":null}},"22":{"start":{"line":33,"column":8},"end":{"line":33,"column":null}},"23":{"start":{"line":33,"column":32},"end":{"line":33,"column":110}},"24":{"start":{"line":33,"column":46},"end":{"line":33,"column":110}},"25":{"start":{"line":36,"column":28},"end":{"line":41,"column":null}},"26":{"start":{"line":38,"column":26},"end":{"line":38,"column":89}},"27":{"start":{"line":38,"column":75},"end":{"line":38,"column":77}},"28":{"start":{"line":39,"column":12},"end":{"line":39,"column":null}},"29":{"start":{"line":39,"column":64},"end":{"line":39,"column":71}},"30":{"start":{"line":43,"column":4},"end":{"line":105,"column":null}},"31":{"start":{"line":60,"column":99},"end":{"line":60,"column":135}},"32":{"start":{"line":62,"column":45},"end":{"line":62,"column":124}},"33":{"start":{"line":67,"column":104},"end":{"line":67,"column":145}},"34":{"start":{"line":69,"column":50},"end":{"line":69,"column":106}},"35":{"start":{"line":85,"column":50},"end":{"line":85,"column":113}},"36":{"start":{"line":85,"column":99},"end":{"line":85,"column":101}},"37":{"start":{"line":86,"column":49},"end":{"line":86,"column":null}},"38":{"start":{"line":86,"column":88},"end":{"line":86,"column":95}},"39":{"start":{"line":87,"column":36},"end":{"line":95,"column":null}},"40":{"start":{"line":92,"column":48},"end":{"line":92,"column":null}},"41":{"start":{"line":92,"column":138},"end":{"line":92,"column":184}}},"fnMap":{"0":{"name":"Evaluaciones","decl":{"start":{"line":7,"column":9},"end":{"line":7,"column":24}},"loc":{"start":{"line":7,"column":24},"end":{"line":105,"column":null}},"line":7},"1":{"name":"(anonymous_1)","decl":{"start":{"line":15,"column":4},"end":{"line":15,"column":20}},"loc":{"start":{"line":15,"column":20},"end":{"line":17,"column":9}},"line":15},"2":{"name":"(anonymous_2)","decl":{"start":{"line":16,"column":28},"end":{"line":16,"column":33}},"loc":{"start":{"line":16,"column":41},"end":{"line":16,"column":62}},"line":16},"3":{"name":"(anonymous_3)","decl":{"start":{"line":19,"column":4},"end":{"line":19,"column":20}},"loc":{"start":{"line":19,"column":20},"end":{"line":30,"column":8}},"line":19},"4":{"name":"(anonymous_4)","decl":{"start":{"line":21,"column":28},"end":{"line":21,"column":40}},"loc":{"start":{"line":21,"column":40},"end":{"line":27,"column":null}},"line":21},"5":{"name":"(anonymous_5)","decl":{"start":{"line":26,"column":34},"end":{"line":26,"column":38}},"loc":{"start":{"line":26,"column":44},"end":{"line":26,"column":89}},"line":26},"6":{"name":"(anonymous_6)","decl":{"start":{"line":32,"column":10},"end":{"line":32,"column":31}},"loc":{"start":{"line":32,"column":50},"end":{"line":33,"column":null}},"line":32},"7":{"name":"(anonymous_7)","decl":{"start":{"line":33,"column":8},"end":{"line":33,"column":24}},"loc":{"start":{"line":33,"column":32},"end":{"line":33,"column":110}},"line":33},"8":{"name":"(anonymous_8)","decl":{"start":{"line":33,"column":37},"end":{"line":33,"column":41}},"loc":{"start":{"line":33,"column":46},"end":{"line":33,"column":110}},"line":33},"9":{"name":"(anonymous_9)","decl":{"start":{"line":37,"column":24},"end":{"line":37,"column":32}},"loc":{"start":{"line":37,"column":43},"end":{"line":40,"column":13}},"line":37},"10":{"name":"(anonymous_10)","decl":{"start":{"line":38,"column":63},"end":{"line":38,"column":70}},"loc":{"start":{"line":38,"column":75},"end":{"line":38,"column":77}},"line":38},"11":{"name":"(anonymous_11)","decl":{"start":{"line":39,"column":47},"end":{"line":39,"column":55}},"loc":{"start":{"line":39,"column":64},"end":{"line":39,"column":71}},"line":39},"12":{"name":"(anonymous_12)","decl":{"start":{"line":60,"column":84},"end":{"line":60,"column":94}},"loc":{"start":{"line":60,"column":99},"end":{"line":60,"column":135}},"line":60},"13":{"name":"(anonymous_13)","decl":{"start":{"line":62,"column":36},"end":{"line":62,"column":40}},"loc":{"start":{"line":62,"column":45},"end":{"line":62,"column":124}},"line":62},"14":{"name":"(anonymous_14)","decl":{"start":{"line":67,"column":89},"end":{"line":67,"column":99}},"loc":{"start":{"line":67,"column":104},"end":{"line":67,"column":145}},"line":67},"15":{"name":"(anonymous_15)","decl":{"start":{"line":69,"column":41},"end":{"line":69,"column":45}},"loc":{"start":{"line":69,"column":50},"end":{"line":69,"column":106}},"line":69},"16":{"name":"(anonymous_16)","decl":{"start":{"line":84,"column":46},"end":{"line":84,"column":50}},"loc":{"start":{"line":84,"column":55},"end":{"line":97,"column":null}},"line":84},"17":{"name":"(anonymous_17)","decl":{"start":{"line":85,"column":87},"end":{"line":85,"column":94}},"loc":{"start":{"line":85,"column":99},"end":{"line":85,"column":101}},"line":85},"18":{"name":"(anonymous_18)","decl":{"start":{"line":86,"column":71},"end":{"line":86,"column":79}},"loc":{"start":{"line":86,"column":88},"end":{"line":86,"column":95}},"line":86},"19":{"name":"(anonymous_19)","decl":{"start":{"line":91,"column":62},"end":{"line":91,"column":66}},"loc":{"start":{"line":92,"column":48},"end":{"line":92,"column":null}},"line":92},"20":{"name":"(anonymous_20)","decl":{"start":{"line":92,"column":123},"end":{"line":92,"column":133}},"loc":{"start":{"line":92,"column":138},"end":{"line":92,"column":184}},"line":92}},"branchMap":{"0":{"loc":{"start":{"line":16,"column":51},"end":{"line":16,"column":61}},"type":"binary-expr","locations":[{"start":{"line":16,"column":51},"end":{"line":16,"column":59}},{"start":{"line":16,"column":59},"end":{"line":16,"column":61}}],"line":16},"1":{"loc":{"start":{"line":20,"column":8},"end":{"line":20,"column":null}},"type":"if","locations":[{"start":{"line":20,"column":8},"end":{"line":20,"column":null}},{"start":{},"end":{}}],"line":20},"2":{"loc":{"start":{"line":25,"column":27},"end":{"line":25,"column":37}},"type":"binary-expr","locations":[{"start":{"line":25,"column":27},"end":{"line":25,"column":35}},{"start":{"line":25,"column":35},"end":{"line":25,"column":37}}],"line":25},"3":{"loc":{"start":{"line":26,"column":28},"end":{"line":26,"column":95}},"type":"binary-expr","locations":[{"start":{"line":26,"column":28},"end":{"line":26,"column":89}},{"start":{"line":26,"column":93},"end":{"line":26,"column":95}}],"line":26},"4":{"loc":{"start":{"line":33,"column":46},"end":{"line":33,"column":110}},"type":"cond-expr","locations":[{"start":{"line":33,"column":60},"end":{"line":33,"column":108}},{"start":{"line":33,"column":108},"end":{"line":33,"column":110}}],"line":33},"5":{"loc":{"start":{"line":36,"column":28},"end":{"line":41,"column":null}},"type":"cond-expr","locations":[{"start":{"line":36,"column":50},"end":{"line":40,"column":47}},{"start":{"line":41,"column":10},"end":{"line":41,"column":null}}],"line":36},"6":{"loc":{"start":{"line":39,"column":26},"end":{"line":39,"column":null}},"type":"cond-expr","locations":[{"start":{"line":39,"column":41},"end":{"line":39,"column":91}},{"start":{"line":39,"column":91},"end":{"line":39,"column":null}}],"line":39},"7":{"loc":{"start":{"line":62,"column":78},"end":{"line":62,"column":123}},"type":"binary-expr","locations":[{"start":{"line":62,"column":78},"end":{"line":62,"column":90}},{"start":{"line":62,"column":90},"end":{"line":62,"column":123}}],"line":62},"8":{"loc":{"start":{"line":75,"column":13},"end":{"line":105,"column":null}},"type":"cond-expr","locations":[{"start":{"line":75,"column":24},"end":{"line":76,"column":34}},{"start":{"line":76,"column":13},"end":{"line":105,"column":null}}],"line":75},"9":{"loc":{"start":{"line":76,"column":13},"end":{"line":105,"column":null}},"type":"cond-expr","locations":[{"start":{"line":77,"column":16},"end":{"line":105,"column":17}},{"start":{"line":105,"column":16},"end":{"line":105,"column":null}}],"line":76},"10":{"loc":{"start":{"line":76,"column":13},"end":{"line":76,"column":null}},"type":"binary-expr","locations":[{"start":{"line":76,"column":13},"end":{"line":76,"column":34}},{"start":{"line":76,"column":34},"end":{"line":76,"column":null}}],"line":76},"11":{"loc":{"start":{"line":86,"column":49},"end":{"line":86,"column":null}},"type":"cond-expr","locations":[{"start":{"line":86,"column":55},"end":{"line":86,"column":124}},{"start":{"line":86,"column":127},"end":{"line":86,"column":null}}],"line":86},"12":{"loc":{"start":{"line":94,"column":59},"end":{"line":94,"column":108}},"type":"cond-expr","locations":[{"start":{"line":94,"column":71},"end":{"line":94,"column":89}},{"start":{"line":94,"column":89},"end":{"line":94,"column":108}}],"line":94}},"s":{"0":0,"1":0,"2":0,"3":0,"4":0,"5":0,"6":0,"7":0,"8":0,"9":0,"10":0,"11":0,"12":0,"13":0,"14":0,"15":0,"16":0,"17":0,"18":0,"19":0,"20":0,"21":0,"22":0,"23":0,"24":0,"25":0,"26":0,"27":0,"28":0,"29":0,"30":0,"31":0,"32":0,"33":0,"34":0,"35":0,"36":0,"37":0,"38":0,"39":0,"40":0,"41":0},"f":{"0":0,"1":0,"2":0,"3":0,"4":0,"5":0,"6":0,"7":0,"8":0,"9":0,"10":0,"11":0,"12":0,"13":0,"14":0,"15":0,"16":0,"17":0,"18":0,"19":0,"20":0},"b":{"0":[0,0],"1":[0,0],"2":[0,0],"3":[0,0],"4":[0,0],"5":[0,0],"6":[0,0],"7":[0,0],"8":[0,0],"9":[0,0],"10":[0,0],"11":[0,0],"12":[0,0]},"meta":{"lastBranch":13,"lastFunction":21,"lastStatement":42,"seen":{"f:7:9:7:24":0,"s:8:19:8:44":0,"s:9:24:9:54":1,"s:10:30:10:66":2,"s:11:35:11:76":3,"s:12:25:12:56":4,"s:13:21:13:51":5,"s:15:4:17:Infinity":6,"f:15:4:15:20":1,"s:16:8:16:Infinity":7,"f:16:28:16:33":2,"s:16:41:16:62":8,"b:16:51:16:59:16:59:16:61":0,"s:19:4:30:Infinity":9,"f:19:4:19:20":3,"b:20:8:20:Infinity:undefined:undefined:undefined:undefined":1,"s:20:8:20:Infinity":10,"s:20:32:20:Infinity":11,"s:21:28:27:Infinity":12,"f:21:28:21:40":4,"s:22:12:22:Infinity":13,"s:23:25:23:80":14,"s:24:25:24:68":15,"s:25:12:25:Infinity":16,"b:25:27:25:35:25:35:25:37":2,"s:26:12:26:Infinity":17,"b:26:28:26:89:26:93:26:95":3,"f:26:34:26:38":5,"s:26:44:26:89":18,"s:27:12:27:Infinity":19,"s:29:8:29:Infinity":20,"s:32:10:33:Infinity":21,"f:32:10:32:31":6,"s:33:8:33:Infinity":22,"f:33:8:33:24":7,"s:33:32:33:110":23,"f:33:37:33:41":8,"s:33:46:33:110":24,"b:33:60:33:108:33:108:33:110":4,"s:36:28:41:Infinity":25,"b:36:50:40:47:41:10:41:Infinity":5,"f:37:24:37:32":9,"s:38:26:38:89":26,"f:38:63:38:70":10,"s:38:75:38:77":27,"s:39:12:39:Infinity":28,"b:39:41:39:91:39:91:39:Infinity":6,"f:39:47:39:55":11,"s:39:64:39:71":29,"s:43:4:105:Infinity":30,"f:60:84:60:94":12,"s:60:99:60:135":31,"f:62:36:62:40":13,"s:62:45:62:124":32,"b:62:78:62:90:62:90:62:123":7,"f:67:89:67:99":14,"s:67:104:67:145":33,"f:69:41:69:45":15,"s:69:50:69:106":34,"b:75:24:76:34:76:13:105:Infinity":8,"b:77:16:105:17:105:16:105:Infinity":9,"b:76:13:76:34:76:34:76:Infinity":10,"f:84:46:84:50":16,"s:85:50:85:113":35,"f:85:87:85:94":17,"s:85:99:85:101":36,"s:86:49:86:Infinity":37,"b:86:55:86:124:86:127:86:Infinity":11,"f:86:71:86:79":18,"s:86:88:86:95":38,"s:87:36:95:Infinity":39,"f:91:62:91:66":19,"s:92:48:92:Infinity":40,"f:92:123:92:133":20,"s:92:138:92:184":41,"b:94:71:94:89:94:89:94:108":12}}}
,"C:\\Users\\fvera\\Desktop\\Fullstack\\FullStack-III-Frontend\\frontend-colegio-react\\src\\pages\\profesor\\ProfesorDashboard.jsx": {"path":"C:\\Users\\fvera\\Desktop\\Fullstack\\FullStack-III-Frontend\\frontend-colegio-react\\src\\pages\\profesor\\ProfesorDashboard.jsx","statementMap":{"0":{"start":{"line":7,"column":10},"end":{"line":7,"column":34}},"1":{"start":{"line":8,"column":19},"end":{"line":8,"column":44}},"2":{"start":{"line":9,"column":21},"end":{"line":9,"column":51}},"3":{"start":{"line":11,"column":24},"end":{"line":15,"column":null}},"4":{"start":{"line":17,"column":4},"end":{"line":30,"column":null}},"5":{"start":{"line":18,"column":37},"end":{"line":26,"column":null}},"6":{"start":{"line":19,"column":12},"end":{"line":19,"column":null}},"7":{"start":{"line":20,"column":12},"end":{"line":26,"column":null}},"8":{"start":{"line":21,"column":35},"end":{"line":21,"column":71}},"9":{"start":{"line":22,"column":16},"end":{"line":22,"column":null}},"10":{"start":{"line":24,"column":17},"end":{"line":24,"column":null}},"11":{"start":{"line":26,"column":16},"end":{"line":26,"column":null}},"12":{"start":{"line":29,"column":8},"end":{"line":29,"column":null}},"13":{"start":{"line":32,"column":4},"end":{"line":96,"column":null}},"14":{"start":{"line":59,"column":32},"end":{"line":65,"column":null}},"15":{"start":{"line":81,"column":98},"end":{"line":81,"column":130}},"16":{"start":{"line":85,"column":97},"end":{"line":85,"column":130}},"17":{"start":{"line":89,"column":98},"end":{"line":89,"column":132}}},"fnMap":{"0":{"name":"ProfesorDashboard","decl":{"start":{"line":6,"column":9},"end":{"line":6,"column":29}},"loc":{"start":{"line":6,"column":29},"end":{"line":96,"column":null}},"line":6},"1":{"name":"(anonymous_1)","decl":{"start":{"line":17,"column":4},"end":{"line":17,"column":20}},"loc":{"start":{"line":17,"column":20},"end":{"line":30,"column":9}},"line":17},"2":{"name":"(anonymous_2)","decl":{"start":{"line":18,"column":37},"end":{"line":18,"column":49}},"loc":{"start":{"line":18,"column":49},"end":{"line":26,"column":null}},"line":18},"3":{"name":"(anonymous_3)","decl":{"start":{"line":58,"column":36},"end":{"line":58,"colu
[...]
:{"line":65,"column":null}},"37":{"start":{"line":56,"column":4},"end":{"line":65,"column":null}},"38":{"start":{"line":57,"column":26},"end":{"line":61,"column":10}},"39":{"start":{"line":62,"column":8},"end":{"line":62,"column":null}},"40":{"start":{"line":64,"column":8},"end":{"line":64,"column":null}},"41":{"start":{"line":65,"column":8},"end":{"line":65,"column":null}},"42":{"start":{"line":69,"column":33},"end":{"line":79,"column":null}},"43":{"start":{"line":70,"column":4},"end":{"line":79,"column":null}},"44":{"start":{"line":71,"column":26},"end":{"line":75,"column":10}},"45":{"start":{"line":76,"column":8},"end":{"line":76,"column":null}},"46":{"start":{"line":78,"column":8},"end":{"line":78,"column":null}},"47":{"start":{"line":79,"column":8},"end":{"line":79,"column":null}},"48":{"start":{"line":83,"column":33},"end":{"line":93,"column":null}},"49":{"start":{"line":84,"column":4},"end":{"line":93,"column":null}},"50":{"start":{"line":85,"column":26},"end":{"line":89,"column":10}},"51":{"start":{"line":90,"column":8},"end":{"line":90,"column":null}},"52":{"start":{"line":92,"column":8},"end":{"line":92,"column":null}},"53":{"start":{"line":93,"column":8},"end":{"line":93,"column":null}},"54":{"start":{"line":97,"column":44},"end":{"line":104,"column":null}},"55":{"start":{"line":98,"column":4},"end":{"line":104,"column":null}},"56":{"start":{"line":99,"column":26},"end":{"line":99,"column":98}},"57":{"start":{"line":100,"column":8},"end":{"line":100,"column":null}},"58":{"start":{"line":100,"column":27},"end":{"line":100,"column":null}},"59":{"start":{"line":101,"column":8},"end":{"line":101,"column":null}},"60":{"start":{"line":103,"column":8},"end":{"line":103,"column":null}},"61":{"start":{"line":104,"column":8},"end":{"line":104,"column":null}}},"fnMap":{"0":{"name":"(anonymous_0)","decl":{"start":{"line":3,"column":6},"end":{"line":3,"column":29}},"loc":{"start":{"line":3,"column":29},"end":{"line":8,"column":null}},"line":3},"1":{"name":"(anonymous_1)","decl":{"start":{"line":11,"column":33},"end":{"line":11,"column":45}},"loc":{"start":{"line":11,"column":45},"end":{"line":18,"column":null}},"line":11},"2":{"name":"(anonymous_2)","decl":{"start":{"line":22,"column":35},"end":{"line":22,"column":47}},"loc":{"start":{"line":22,"column":47},"end":{"line":29,"column":null}},"line":22},"3":{"name":"(anonymous_3)","decl":{"start":{"line":33,"column":34},"end":{"line":33,"column":46}},"loc":{"start":{"line":33,"column":46},"end":{"line":40,"column":null}},"line":33},"4":{"name":"(anonymous_4)","decl":{"start":{"line":44,"column":34},"end":{"line":44,"column":46}},"loc":{"start":{"line":44,"column":46},"end":{"line":51,"column":null}},"line":44},"5":{"name":"(anonymous_5)","decl":{"start":{"line":55,"column":32},"end":{"line":55,"column":39}},"loc":{"start":{"line":55,"column":53},"end":{"line":65,"column":null}},"line":55},"6":{"name":"(anonymous_6)","decl":{"start":{"line":69,"column":33},"end":{"line":69,"column":40}},"loc":{"start":{"line":69,"column":55},"end":{"line":79,"column":null}},"line":69},"7":{"name":"(anonymous_7)","decl":{"start":{"line":83,"column":33},"end":{"line":83,"column":40}},"loc":{"start":{"line":83,"column":55},"end":{"line":93,"column":null}},"line":83},"8":{"name":"(anonymous_8)","decl":{"start":{"line":97,"column":44},"end":{"line":97,"column":56}},"loc":{"start":{"line":97,"column":56},"end":{"line":104,"column":null}},"line":97}},"branchMap":{"0":{"loc":{"start":{"line":14,"column":8},"end":{"line":14,"column":null}},"type":"if","locations":[{"start":{"line":14,"column":8},"end":{"line":14,"column":null}},{"start":{},"end":{}}],"line":14},"1":{"loc":{"start":{"line":25,"column":8},"end":{"line":25,"column":null}},"type":"if","locations":[{"start":{"line":25,"column":8},"end":{"line":25,"column":null}},{"start":{},"end":{}}],"line":25},"2":{"loc":{"start":{"line":36,"column":8},"end":{"line":36,"column":null}},"type":"if","locations":[{"start":{"line":36,"column":8},"end":{"line":36,"column":null}},{"start":{},"end":{}}],"line":36},"3":{"loc":{"start":{"line":47,"column":8},"end":{"line":47,"column":null}},"type":"if","locations":[{"start":{"line":47,"column":8},"end":{"line":47,"column":null}},{"start":{},"end":{}}],"line":47},"4":{"loc":{"start":{"line":100,"column":8},"end":{"line":100,"column":null}},"type":"if","locations":[{"start":{"line":100,"column":8},"end":{"line":100,"column":null}},{"start":{},"end":{}}],"line":100}},"s":{"0":1,"1":1,"2":17,"3":17,"4":1,"5":2,"6":2,"7":1,"8":0,"9":1,"10":1,"11":1,"12":1,"13":3,"14":3,"15":2,"16":2,"17":1,"18":1,"19":1,"20":1,"21":2,"22":2,"23":1,"24":0,"25":1,"26":1,"27":1,"28":1,"29":2,"30":2,"31":1,"32":0,"33":1,"34":1,"35":1,"36":1,"37":2,"38":2,"39":1,"40":1,"41":1,"42":1,"43":2,"44":2,"45":1,"46":1,"47":1,"48":1,"49":2,"50":2,"51":1,"52":1,"53":1,"54":1,"55":2,"56":2,"57":1,"58":0,"59":1,"60":1,"61":1},"f":{"0":17,"1":2,"2":3,"3":2,"4":2,"5":2,"6":2,"7":2,"8":2},"b":{"0":[0,1],"1":[1,1],"2":[0,1],"3":[0,1],"4":[0,1]},"meta":{"lastBranch":5,"lastFunction":9,"lastStatement":62,"seen":{"s:1:17:1:Infinity":0,"s:3:6:8:Infinity":1,"f:3:6:3:29":0,"s:4:18:4:55":2,"s:5:4:8:Infinity":3,"s:11:33:18:Infinity":4,"f:11:33:11:45":1,"s:12:4:18:Infinity":5,"s:13:26:13:100":6,"b:14:8:14:Infinity:undefined:undefined:undefined:undefined":0,"s:14:8:14:Infinity":7,"s:14:27:14:Infinity":8,"s:15:8:15:Infinity":9,"s:17:8:17:Infinity":10,"s:18:8:18:Infinity":11,"s:22:35:29:Infinity":12,"f:22:35:22:47":2,"s:23:4:29:Infinity":13,"s:24:26:24:96":14,"b:25:8:25:Infinity:undefined:undefined:undefined:undefined":1,"s:25:8:25:Infinity":15,"s:25:27:25:Infinity":16,"s:26:8:26:Infinity":17,"s:28:8:28:Infinity":18,"s:29:8:29:Infinity":19,"s:33:34:40:Infinity":20,"f:33:34:33:46":3,"s:34:4:40:Infinity":21,"s:35:26:35:95":22,"b:36:8:36:Infinity:undefined:undefined:undefined:undefined":2,"s:36:8:36:Infinity":23,"s:36:27:36:Infinity":24,"s:37:8:37:Infinity":25,"s:39:8:39:Infinity":26,"s:40:8:40:Infinity":27,"s:44:34:51:Infinity":28,"f:44:34:44:46":4,"s:45:4:51:Infinity":29,"s:46:26:46:94":30,"b:47:8:47:Infinity:undefined:undefined:undefined:undefined":3,"s:47:8:47:Infinity":31,"s:47:27:47:Infinity":32,"s:48:8:48:Infinity":33,"s:50:8:50:Infinity":34,"s:51:8:51:Infinity":35,"s:55:32:65:Infinity":36,"f:55:32:55:39":5,"s:56:4:65:Infinity":37,"s:57:26:61:10":38,"s:62:8:62:Infinity":39,"s:64:8:64:Infinity":40,"s:65:8:65:Infinity":41,"s:69:33:79:Infinity":42,"f:69:33:69:40":6,"s:70:4:79:Infinity":43,"s:71:26:75:10":44,"s:76:8:76:Infinity":45,"s:78:8:78:Infinity":46,"s:79:8:79:Infinity":47,"s:83:33:93:Infinity":48,"f:83:33:83:40":7,"s:84:4:93:Infinity":49,"s:85:26:89:10":50,"s:90:8:90:Infinity":51,"s:92:8:92:Infinity":52,"s:93:8:93:Infinity":53,"s:97:44:104:Infinity":54,"f:97:44:97:56":8,"s:98:4:104:Infinity":55,"s:99:26:99:98":56,"b:100:8:100:Infinity:undefined:undefined:undefined:undefined":4,"s:100:8:100:Infinity":57,"s:100:27:100:Infinity":58,"s:101:8:101:Infinity":59,"s:103:8:103:Infinity":60,"s:104:8:104:Infinity":61}}}
,"C:\\Users\\fvera\\Desktop\\Fullstack\\FullStack-III-Frontend\\frontend-colegio-react\\src\\services\\usuarioService.js": {"path":"C:\\Users\\fvera\\Desktop\\Fullstack\\FullStack-III-Frontend\\frontend-colegio-react\\src\\services\\usuarioService.js","statementMap":{"0":{"start":{"line":1,"column":16},"end":{"line":1,"column":null}},"1":{"start":{"line":3,"column":6},"end":{"line":6,"column":null}},"2":{"start":{"line":3,"column":32},"end":{"line":6,"column":null}},"3":{"start":{"line":8,"column":31},"end":{"line":15,"column":null}},"4":{"start":{"line":9,"column":4},"end":{"line":15,"column":null}},"5":{"start":{"line":10,"column":20},"end":{"line":10,"column":73}},"6":{"start":{"line":11,"column":8},"end":{"line":11,"column":null}},"7":{"start":{"line":11,"column":21},"end":{"line":11,"column":null}},"8":{"start":{"line":12,"column":8},"end":{"line":12,"column":null}},"9":{"start":{"line":14,"column":8},"end":{"line":14,"column":null}},"10":{"start":{"line":15,"column":8},"end":{"line":15,"column":null}},"11":{"start":{"line":19,"column":28},"end":{"line":29,"column":null}},"12":{"start":{"line":20,"column":4},"end":{"line":29,"column":null}},"13":{"start":{"line":21,"column":20},"end":{"line":25,"column":10}},"14":{"start":{"line":26,"column":8},"end":{"line":26,"column":null}},"15":{"start":{"line":28,"column":8},"end":{"line":28,"column":null}},"16":{"start":{"line":29,"column":8},"end":{"line":29,"column":null}},"17":{"start":{"line":33,"column":35},"end":{"line":43,"column":null}},"18":{"start":{"line":34,"column":4},"end":{"line":43,"column":null}},"19":{"start":{"line":35,"column":20},"end":{"line":39,"column":10}},"20":{"start":{"line":40,"column":8},"end":{"line":40,"column":null}},"21":{"start":{"line":42,"column":8},"end":{"line":42,"column":null}},"22":{"start":{"line":43,"column":8},"end":{"line":43,"column":null}},"23":{"start":{"line":47,"column":33},"end":{"line":56,"column":null}},"24":{"start":{"line":48,"column":4},"end":{"line":56,"column":null}},"25":{"start":{"line":49,"column":20},"end":{"line":52,"column":10}},"26":{"start":{"line":53,"column":8},"end":{"line":53,"column":null}},"27":{"start":{"line":55,"column":8},"end":{"line":55,"column":null}},"28":{"start":{"line":56,"column":8},"end":{"line":56,"column":null}}},"fnMap":{"0":{"name":"(anonymous_0)","decl":{"start":{"line":3,"column":6},"end":{"line":3,"column":32}},"loc":{"start":{"line":3,"column":32},"end":{"line":6,"column":null}},"line":3},"1":{"name":"(anonymous_1)","decl":{"start":{"line":8,"column":31},"end":{"line":8,"column":43}},"loc":{"start":{"line":8,"column":43},"end":{"line":15,"column":null}},"line":8},"2":{"name":"(anonymous_2)","decl":{"start":{"line":19,"column":28},"end":{"line":19,"column":35}},"loc":{"start":{"line":19,"column":47},"end":{"line":29,"column":null}},"line":19},"3":{"name":"(anonymous_3)","decl":{"start":{"line":33,"column":35},"end":{"line":33,"column":42}},"loc":{"start":{"line":33,"column":58},"end":{"line":43,"column":null}},"line":33},"4":{"name":"(anonymous_4)","decl":{"start":{"line":47,"column":33},"end":{"line":47,"column":40}},"loc":{"start":{"line":47,"column":47},"end":{"line":56,"column":null}},"line":47}},"branchMap":{"0":{"loc":{"start":{"line":11,"column":8},"end":{"line":11,"column":null}},"type":"if","locations":[{"start":{"line":11,"column":8},"end":{"line":11,"column":null}},{"start":{},"end":{}}],"line":11}},"s":{"0":1,"1":1,"2":12,"3":1,"4":3,"5":3,"6":2,"7":2,"8":1,"9":1,"10":1,"11":1,"12":3,"13":3,"14":2,"15":1,"16":1,"17":1,"18":3,"19":3,"20":2,"21":1,"22":1,"23":1,"24":3,"25":3,"26":2,"27":1,"28":1},"f":{"0":12,"1":3,"2":3,"3":3,"4":3},"b":{"0":[1,1]},"meta":{"lastBranch":1,"lastFunction":5,"lastStatement":29,"seen":{"s:1:16:1:Infinity":0,"s:3:6:6:Infinity":1,"f:3:6:3:32":0,"s:3:32:6:Infinity":2,"s:8:31:15:Infinity":3,"f:8:31:8:43":1,"s:9:4:15:Infinity":4,"s:10:20:10:73":5,"b:11:8:11:Infinity:undefined:undefined:undefined:undefined":0,"s:11:8:11:Infinity":6,"s:11:21:11:Infinity":7,"s:12:8:12:Infinity":8,"s:14:8:14:Infinity":9,"s:15:8:15:Infinity":10,"s:19:28:29:Infinity":11,"f:19:28:19:35":2,"s:20:4:29:Infinity":12,"s:21:20:25:10":13,"s:26:8:26:Infinity":14,"s:28:8:28:Infinity":15,"s:29:8:29:Infinity":16,"s:33:35:43:Infinity":17,"f:33:35:33:42":3,"s:34:4:43:Infinity":18,"s:35:20:39:10":19,"s:40:8:40:Infinity":20,"s:42:8:42:Infinity":21,"s:43:8:43:Infinity":22,"s:47:33:56:Infinity":23,"f:47:33:47:40":4,"s:48:4:56:Infinity":24,"s:49:20:52:10":25,"s:53:8:53:Infinity":26,"s:55:8:55:Infinity":27,"s:56:8:56:Infinity":28}}}
,"C:\\Users\\fvera\\Desktop\\Fullstack\\FullStack-III-Frontend\\frontend-colegio-react\\src\\utils\\auth.js": {"path":"C:\\Users\\fvera\\Desktop\\Fullstack\\FullStack-III-Frontend\\frontend-colegio-react\\src\\utils\\auth.js","statementMap":{"0":{"start":{"line":1,"column":13},"end":{"line":7,"column":null}},"1":{"start":{"line":2,"column":16},"end":{"line":6,"column":null}},"2":{"start":{"line":7,"column":2},"end":{"line":7,"column":null}},"3":{"start":{"line":10,"column":13},"end":{"line":13,"column":null}},"4":{"start":{"line":11,"column":2},"end":{"line":11,"column":null}},"5":{"start":{"line":11,"column":21},"end":{"line":11,"column":null}},"6":{"start":{"line":12,"column":2},"end":{"line":12,"column":null}},"7":{"start":{"line":12,"column":19},"end":{"line":12,"column":null}},"8":{"start":{"line":13,"column":2},"end":{"line":13,"column":null}}},"fnMap":{"0":{"name":"(anonymous_0)","decl":{"start":{"line":1,"column":13},"end":{"line":1,"column":31}},"loc":{"start":{"line":1,"column":39},"end":{"line":7,"column":null}},"line":1},"1":{"name":"(anonymous_1)","decl":{"start":{"line":10,"column":13},"end":{"line":10,"column":29}},"loc":{"start":{"line":10,"column":58},"end":{"line":13,"column":null}},"line":10}},"branchMap":{"0":{"loc":{"start":{"line":7,"column":9},"end":{"line":7,"column":null}},"type":"binary-expr","locations":[{"start":{"line":7,"column":9},"end":{"line":7,"column":23}},{"start":{"line":7,"column":23},"end":{"line":7,"column":null}}],"line":7},"1":{"loc":{"start":{"line":11,"column":2},"end":{"line":11,"column":null}},"type":"if","locations":[{"start":{"line":11,"column":2},"end":{"line":11,"column":null}},{"start":{},"end":{}}],"line":11},"2":{"loc":{"start":{"line":12,"column":2},"end":{"line":12,"column":null}},"type":"if","locations":[{"start":{"line":12,"column":2},"end":{"line":12,"column":null}},{"start":{},"end":{}}],"line":12}},"s":{"0":1,"1":5,"2":5,"3":1,"4":4,"5":1,"6":3,"7":1,"8":2},"f":{"0":5,"1":4},"b":{"0":[5,2],"1":[1,3],"2":[1,2]},"meta":{"lastBranch":3,"lastFunction":2,"lastStatement":9,"seen":{"s:1:13:7:Infinity":0,"f:1:13:1:31":0,"s:2:16:6:Infinity":1,"s:7:2:7:Infinity":2,"b:7:9:7:23:7:23:7:Infinity":0,"s:10:13:13:Infinity":3,"f:10:13:10:29":1,"b:11:2:11:Infinity:undefined:undefined:undefined:undefined":1,"s:11:2:11:Infinity":4,"s:11:21:11:Infinity":5,"b:12:2:12:Infinity:undefined:undefined:undefined:undefined":2,"s:12:2:12:Infinity":6,"s:12:19:12:Infinity":7,"s:13:2:13:Infinity":8}}}
,"C:\\Users\\fvera\\Desktop\\Fullstack\\FullStack-III-Frontend\\frontend-colegio-react\\src\\utils\\formatters.js": {"path":"C:\\Users\\fvera\\Desktop\\Fullstack\\FullStack-III-Frontend\\frontend-colegio-react\\src\\utils\\formatters.js","statementMap":{"0":{"start":{"line":1,"column":13},"end":{"line":10,"column":null}},"1":{"start":{"line":2,"column":2},"end":{"line":2,"column":null}},"2":{"start":{"line":2,"column":12},"end":{"line":2,"column":null}},"3":{"start":{"line":4,"column":17},"end":{"line":4,"column":60}},"4":{"start":{"line":5,"column":2},"end":{"line":5,"column":null}},"5":{"start":{"line":5,"column":25},"end":{"line":5,"column":null}},"6":{"start":{"line":7,"column":13},"end":{"line":7,"column":29}},"7":{"start":{"line":8,"column":18},"end":{"line":8,"column":37}},"8":{"start":{"line":10,"column":2},"end":{"line":10,"column":null}},"9":{"start":{"line":13,"column":13},"end":{"line":16,"column":null}},"10":{"start":{"line":14,"column":14},"end":{"line":14,"column":30}},"11":{"start":{"line":15,"column":2},"end":{"line":15,"column":null}},"12":{"start":{"line":15,"column":18},"end":{"line":15,"column":null}},"13":{"start":{"line":16,"column":2},"end":{"line":16,"column":null}}},"fnMap":{"0":{"name":"(anonymous_0)","decl":{"start":{"line":1,"column":13},"end":{"line":1,"column":26}},"loc":{"start":{"line":1,"column":34},"end":{"line":10,"column":null}},"line":1},"1":{"name":"(anonymous_1)","decl":{"start":{"line":13,"column":13},"end":{"line":13,"column":27}},"loc":{"start":{"line":13,"column":36},"end":{"line":16,"column":null}},"line":13}},"branchMap":{"0":{"loc":{"start":{"line":2,"column":2},"end":{"line":2,"column":null}},"type":"if","locations":[{"start":{"line":2,"column":2},"end":{"line":2,"column":null}},{"start":{},"end":{}}],"line":2},"1":{"loc":{"start":{"line":5,"column":2},"end":{"line":5,"column":null}},"type":"if","locations":[{"start":{"line":5,"column":2},"end":{"line":5,"column":null}},{"start":{},"end":{}}],"line":5},"2":{"loc":{"start":{"line":15,"column":2},"end":{"line":15,"column":null}},"type":"if","locations":[{"start":{"line":15,"column":2},"end":{"line":15,"column":null}},{"start":{},"end":{}}],"line":15}},"s":{"0":1,"1":5,"2":2,"3":3,"4":3,"5":1,"6":2,"7":2,"8":2,"9":1,"10":3,"11":3,"12":1,"13":2},"f":{"0":5,"1":3},"b":{"0":[2,3],"1":[1,2],"2":[1,2]},"meta":{"lastBranch":3,"lastFunction":2,"lastStatement":14,"seen":{"s:1:13:10:Infinity":0,"f:1:13:1:26":0,"b:2:2:2:Infinity:undefined:undefined:undefined:undefined":0,"s:2:2:2:Infinity":1,"s:2:12:2:Infinity":2,"s:4:17:4:60":3,"b:5:2:5:Infinity:undefined:undefined:undefined:undefined":1,"s:5:2:5:Infinity":4,"s:5:25:5:Infinity":5,"s:7:13:7:29":6,"s:8:18:8:37":7,"s:10:2:10:Infinity":8,"s:13:13:16:Infinity":9,"f:13:13:13:27":1,"s:14:14:14:30":10,"b:15:2:15:Infinity:undefined:undefined:undefined:undefined":2,"s:15:2:15:Infinity":11,"s:15:18:15:Infinity":12,"s:16:2:16:Infinity":13}}}
,"C:\\Users\\fvera\\Desktop\\Fullstack\\FullStack-III-Frontend\\frontend-colegio-react\\src\\utils\\storage.js": {"path":"C:\\Users\\fvera\\Desktop\\Fullstack\\FullStack-III-Frontend\\frontend-colegio-react\\src\\utils\\storage.js","statementMap":{"0":{"start":{"line":1,"column":18},"end":{"line":1,"column":null}},"1":{"start":{"line":2,"column":22},"end":{"line":2,"column":null}},"2":{"start":{"line":4,"column":13},"end":{"line":5,"column":null}},"3":{"start":{"line":5,"column":4},"end":{"line":5,"column":null}},"4":{"start":{"line":8,"column":13},"end":{"line":9,"column":null}},"5":{"start":{"line":9,"column":4},"end":{"line":9,"column":null}},"6":{"start":{"line":12,"column":13},"end":{"line":14,"column":null}},"7":{"start":{"line":13,"column":4},"end":{"line":13,"column":null}},"8":{"start":{"line":14,"column":4},"end":{"line":14,"column":null}},"9":{"start":{"line":17,"column":13},"end":{"line":18,"column":null}},"10":{"start":{"line":18,"column":4},"end":{"line":18,"column":null}},"11":{"start":{"line":21,"column":13},"end":{"line":22,"column":null}},"12":{"start":{"line":22,"column":4},"end":{"line":22,"column":null}},"13":{"start":{"line":25,"column":13},"end":{"line":26,"column":null}},"14":{"start":{"line":26,"column":4},"end":{"line":26,"column":null}}},"fnMap":{"0":{"name":"(anonymous_0)","decl":{"start":{"line":4,"column":13},"end":{"line":4,"column":26}},"loc":{"start":{"line":4,"column":36},"end":{"line":5,"column":null}},"line":4},"1":{"name":"(anonymous_1)","decl":{"start":{"line":8,"column":13},"end":{"line":8,"column":30}},"loc":{"start":{"line":8,"column":30},"end":{"line":9,"column":null}},"line":8},"2":{"name":"(anonymous_2)","decl":{"start":{"line":12,"column":13},"end":{"line":12,"column":33}},"loc":{"start":{"line":12,"column":33},"end":{"line":14,"column":null}},"line":12},"3":{"name":"(anonymous_3)","decl":{"start":{"line":17,"column":13},"end":{"line":17,"column":29}},"loc":{"start":{"line":17,"column":37},"end":{"line":18,"column":null}},"line":17},"4":{"name":"(anonymous_4)","decl":{"start":{"line":21,"column":13},"end":{"line":21,"column":33}},"loc":{"start":{"line":21,"column":33},"end":{"line":22,"column":null}},"line":21},"5":{"name":"(anonymous_5)","decl":{"start":{"line":25,"column":13},"end":{"line":25,"column":31}},"loc":{"start":{"line":25,"column":31},"end":{"line":26,"column":null}},"line":25}},"branchMap":{},"s":{"0":2,"1":2,"2":2,"3":5,"4":2,"5":17,"6":2,"7":2,"8":2,"9":2,"10":3,"11":2,"12":16,"13":2,"14":1},"f":{"0":5,"1":17,"2":2,"3":3,"4":16,"5":1},"b":{},"meta":{"lastBranch":0,"lastFunction":6,"lastStatement":15,"seen":{"s:1:18:1:Infinity":0,"s:2:22:2:Infinity":1,"s:4:13:5:Infinity":2,"f:4:13:4:26":0,"s:5:4:5:Infinity":3,"s:8:13:9:Infinity":4,"f:8:13:8:30":1,"s:9:4:9:Infinity":5,"s:12:13:14:Infinity":6,"f:12:13:12:33":2,"s:13:4:13:Infinity":7,"s:14:4:14:Infinity":8,"s:17:13:18:Infinity":9,"f:17:13:17:29":3,"s:18:4:18:Infinity":10,"s:21:13:22:Infinity":11,"f:21:13:21:33":4,"s:22:4:22:Infinity":12,"s:25:13:26:Infinity":13,"f:25:13:25:31":5,"s:26:4:26:Infinity":14}}}
}
